Created by PLY version 3.11 (http://www.dabeaz.com/ply)

Unused terminals:

    COMMENT
    OPERADOR

Grammar

Rule 0     S' -> programa
Rule 1     programa -> INICIODEPROGRAMA declaraciones FINPROGRAMA
Rule 2     declaraciones -> librerias
Rule 3     declaraciones -> cuerpo
Rule 4     librerias -> LIBRERIA PARENTESISA ID OPERADORPUNTO EXTENSION PARENTESISC COMA librerias
Rule 5     librerias -> LIBRERIA PARENTESISA ID OPERADORPUNTO EXTENSION PARENTESISC ENDOFLINE cuerpo
Rule 6     cuerpo -> variable cuerpo
Rule 7     cuerpo -> funcion cuerpo
Rule 8     cuerpo -> asignacion cuerpo
Rule 9     cuerpo -> procedimiento cuerpo
Rule 10    cuerpo -> condicional cuerpo
Rule 11    cuerpo -> bucle cuerpo
Rule 12    cuerpo -> reservadas cuerpo
Rule 13    cuerpo -> vpin cuerpo
Rule 14    cuerpo -> empty
Rule 15    vpin -> VPIN PARENTESISA ID VARTYPESEPARATOR TYPEVPIN PARENTESISC ENDOFLINE
Rule 16    reservadas -> ADELANTE PARENTESISA PARENTESISC ENDOFLINE
Rule 17    reservadas -> ATRAS PARENTESISA PARENTESISC ENDOFLINE
Rule 18    reservadas -> IZQUIERDA PARENTESISA PARENTESISC ENDOFLINE
Rule 19    reservadas -> DERECHA PARENTESISA PARENTESISC ENDOFLINE
Rule 20    reservadas -> ESPERAR PARENTESISA NUMBER PARENTESISC ENDOFLINE
Rule 21    reservadas -> ESPERAR PARENTESISA ID PARENTESISC ENDOFLINE
Rule 22    reservadas -> FRENAR PARENTESISA PARENTESISC ENDOFLINE
Rule 23    bucle -> WHILE PARENTESISA PARENTESISC BEGIN cuerpo END ENDOFLINE
Rule 24    condicional -> IF PARENTESISA PARENTESISC BEGIN cuerpo END ENDOFLINE
Rule 25    condicional -> IF PARENTESISA PARENTESISC BEGIN cuerpo END ELSE BEGIN cuerpo END ENDOFLINE
Rule 26    procedimiento -> PROCEDIMIENTO ID PARENTESISA argumentos PARENTESISC ENDOFLINE
Rule 27    asignacion -> ID IGUAL ID ENDOFLINE
Rule 28    asignacion -> ID IGUAL NUMBER ENDOFLINE
Rule 29    asignacion -> ID IGUAL DECIMALNUMBER ENDOFLINE
Rule 30    funcion -> FUNCION ID PARENTESISA argumentos PARENTESISC VARTYPESEPARATOR TYPE ENDOFLINE
Rule 31    variable -> VARIABLE PARENTESISA ID VARTYPESEPARATOR TYPE PARENTESISC ENDOFLINE
Rule 32    argumentos -> ID VARTYPESEPARATOR TYPE COMA argumentos
Rule 33    argumentos -> ID VARTYPESEPARATOR TYPE
Rule 34    empty -> <empty>

Terminals, with rules where they appear

ADELANTE             : 16
ATRAS                : 17
BEGIN                : 23 24 25 25
COMA                 : 4 32
COMMENT              : 
DECIMALNUMBER        : 29
DERECHA              : 19
ELSE                 : 25
END                  : 23 24 25 25
ENDOFLINE            : 5 15 16 17 18 19 20 21 22 23 24 25 26 27 28 29 30 31
ESPERAR              : 20 21
EXTENSION            : 4 5
FINPROGRAMA          : 1
FRENAR               : 22
FUNCION              : 30
ID                   : 4 5 15 21 26 27 27 28 29 30 31 32 33
IF                   : 24 25
IGUAL                : 27 28 29
INICIODEPROGRAMA     : 1
IZQUIERDA            : 18
LIBRERIA             : 4 5
NUMBER               : 20 28
OPERADOR             : 
OPERADORPUNTO        : 4 5
PARENTESISA          : 4 5 15 16 17 18 19 20 21 22 23 24 25 26 30 31
PARENTESISC          : 4 5 15 16 17 18 19 20 21 22 23 24 25 26 30 31
PROCEDIMIENTO        : 26
TYPE                 : 30 31 32 33
TYPEVPIN             : 15
VARIABLE             : 31
VARTYPESEPARATOR     : 15 30 31 32 33
VPIN                 : 15
WHILE                : 23
error                : 

Nonterminals, with rules where they appear

argumentos           : 26 30 32
asignacion           : 8
bucle                : 11
condicional          : 10
cuerpo               : 3 5 6 7 8 9 10 11 12 13 23 24 25 25
declaraciones        : 1
empty                : 14
funcion              : 7
librerias            : 2 4
procedimiento        : 9
programa             : 0
reservadas           : 12
variable             : 6
vpin                 : 13

Parsing method: LALR

state 0

    (0) S' -> . programa
    (1) programa -> . INICIODEPROGRAMA declaraciones FINPROGRAMA

    INICIODEPROGRAMA shift and go to state 2

    programa                       shift and go to state 1

state 1

    (0) S' -> programa .



state 2

    (1) programa -> INICIODEPROGRAMA . declaraciones FINPROGRAMA
    (2) declaraciones -> . librerias
    (3) declaraciones -> . cuerpo
    (4) librerias -> . LIBRERIA PARENTESISA ID OPERADORPUNTO EXTENSION PARENTESISC COMA librerias
    (5) librerias -> . LIBRERIA PARENTESISA ID OPERADORPUNTO EXTENSION PARENTESISC ENDOFLINE cuerpo
    (6) cuerpo -> . variable cuerpo
    (7) cuerpo -> . funcion cuerpo
    (8) cuerpo -> . asignacion cuerpo
    (9) cuerpo -> . procedimiento cuerpo
    (10) cuerpo -> . condicional cuerpo
    (11) cuerpo -> . bucle cuerpo
    (12) cuerpo -> . reservadas cuerpo
    (13) cuerpo -> . vpin cuerpo
    (14) cuerpo -> . empty
    (31) variable -> . VARIABLE PARENTESISA ID VARTYPESEPARATOR TYPE PARENTESISC ENDOFLINE
    (30) funcion -> . FUNCION ID PARENTESISA argumentos PARENTESISC VARTYPESEPARATOR TYPE ENDOFLINE
    (27) asignacion -> . ID IGUAL ID ENDOFLINE
    (28) asignacion -> . ID IGUAL NUMBER ENDOFLINE
    (29) asignacion -> . ID IGUAL DECIMALNUMBER ENDOFLINE
    (26) procedimiento -> . PROCEDIMIENTO ID PARENTESISA argumentos PARENTESISC ENDOFLINE
    (24) condicional -> . IF PARENTESISA PARENTESISC BEGIN cuerpo END ENDOFLINE
    (25) condicional -> . IF PARENTESISA PARENTESISC BEGIN cuerpo END ELSE BEGIN cuerpo END ENDOFLINE
    (23) bucle -> . WHILE PARENTESISA PARENTESISC BEGIN cuerpo END ENDOFLINE
    (16) reservadas -> . ADELANTE PARENTESISA PARENTESISC ENDOFLINE
    (17) reservadas -> . ATRAS PARENTESISA PARENTESISC ENDOFLINE
    (18) reservadas -> . IZQUIERDA PARENTESISA PARENTESISC ENDOFLINE
    (19) reservadas -> . DERECHA PARENTESISA PARENTESISC ENDOFLINE
    (20) reservadas -> . ESPERAR PARENTESISA NUMBER PARENTESISC ENDOFLINE
    (21) reservadas -> . ESPERAR PARENTESISA ID PARENTESISC ENDOFLINE
    (22) reservadas -> . FRENAR PARENTESISA PARENTESISC ENDOFLINE
    (15) vpin -> . VPIN PARENTESISA ID VARTYPESEPARATOR TYPEVPIN PARENTESISC ENDOFLINE
    (34) empty -> .

    LIBRERIA        shift and go to state 6
    VARIABLE        shift and go to state 17
    FUNCION         shift and go to state 18
    ID              shift and go to state 7
    PROCEDIMIENTO   shift and go to state 19
    IF              shift and go to state 20
    WHILE           shift and go to state 21
    ADELANTE        shift and go to state 22
    ATRAS           shift and go to state 23
    IZQUIERDA       shift and go to state 24
    DERECHA         shift and go to state 25
    ESPERAR         shift and go to state 26
    FRENAR          shift and go to state 27
    VPIN            shift and go to state 28
    FINPROGRAMA     reduce using rule 34 (empty -> .)

    declaraciones                  shift and go to state 3
    librerias                      shift and go to state 4
    cuerpo                         shift and go to state 5
    variable                       shift and go to state 8
    funcion                        shift and go to state 9
    asignacion                     shift and go to state 10
    procedimiento                  shift and go to state 11
    condicional                    shift and go to state 12
    bucle                          shift and go to state 13
    reservadas                     shift and go to state 14
    vpin                           shift and go to state 15
    empty                          shift and go to state 16

state 3

    (1) programa -> INICIODEPROGRAMA declaraciones . FINPROGRAMA

    FINPROGRAMA     shift and go to state 29


state 4

    (2) declaraciones -> librerias .

    FINPROGRAMA     reduce using rule 2 (declaraciones -> librerias .)


state 5

    (3) declaraciones -> cuerpo .

    FINPROGRAMA     reduce using rule 3 (declaraciones -> cuerpo .)


state 6

    (4) librerias -> LIBRERIA . PARENTESISA ID OPERADORPUNTO EXTENSION PARENTESISC COMA librerias
    (5) librerias -> LIBRERIA . PARENTESISA ID OPERADORPUNTO EXTENSION PARENTESISC ENDOFLINE cuerpo

    PARENTESISA     shift and go to state 30


state 7

    (27) asignacion -> ID . IGUAL ID ENDOFLINE
    (28) asignacion -> ID . IGUAL NUMBER ENDOFLINE
    (29) asignacion -> ID . IGUAL DECIMALNUMBER ENDOFLINE

    IGUAL           shift and go to state 31


state 8

    (6) cuerpo -> variable . cuerpo
    (6) cuerpo -> . variable cuerpo
    (7) cuerpo -> . funcion cuerpo
    (8) cuerpo -> . asignacion cuerpo
    (9) cuerpo -> . procedimiento cuerpo
    (10) cuerpo -> . condicional cuerpo
    (11) cuerpo -> . bucle cuerpo
    (12) cuerpo -> . reservadas cuerpo
    (13) cuerpo -> . vpin cuerpo
    (14) cuerpo -> . empty
    (31) variable -> . VARIABLE PARENTESISA ID VARTYPESEPARATOR TYPE PARENTESISC ENDOFLINE
    (30) funcion -> . FUNCION ID PARENTESISA argumentos PARENTESISC VARTYPESEPARATOR TYPE ENDOFLINE
    (27) asignacion -> . ID IGUAL ID ENDOFLINE
    (28) asignacion -> . ID IGUAL NUMBER ENDOFLINE
    (29) asignacion -> . ID IGUAL DECIMALNUMBER ENDOFLINE
    (26) procedimiento -> . PROCEDIMIENTO ID PARENTESISA argumentos PARENTESISC ENDOFLINE
    (24) condicional -> . IF PARENTESISA PARENTESISC BEGIN cuerpo END ENDOFLINE
    (25) condicional -> . IF PARENTESISA PARENTESISC BEGIN cuerpo END ELSE BEGIN cuerpo END ENDOFLINE
    (23) bucle -> . WHILE PARENTESISA PARENTESISC BEGIN cuerpo END ENDOFLINE
    (16) reservadas -> . ADELANTE PARENTESISA PARENTESISC ENDOFLINE
    (17) reservadas -> . ATRAS PARENTESISA PARENTESISC ENDOFLINE
    (18) reservadas -> . IZQUIERDA PARENTESISA PARENTESISC ENDOFLINE
    (19) reservadas -> . DERECHA PARENTESISA PARENTESISC ENDOFLINE
    (20) reservadas -> . ESPERAR PARENTESISA NUMBER PARENTESISC ENDOFLINE
    (21) reservadas -> . ESPERAR PARENTESISA ID PARENTESISC ENDOFLINE
    (22) reservadas -> . FRENAR PARENTESISA PARENTESISC ENDOFLINE
    (15) vpin -> . VPIN PARENTESISA ID VARTYPESEPARATOR TYPEVPIN PARENTESISC ENDOFLINE
    (34) empty -> .

    VARIABLE        shift and go to state 17
    FUNCION         shift and go to state 18
    ID              shift and go to state 7
    PROCEDIMIENTO   shift and go to state 19
    IF              shift and go to state 20
    WHILE           shift and go to state 21
    ADELANTE        shift and go to state 22
    ATRAS           shift and go to state 23
    IZQUIERDA       shift and go to state 24
    DERECHA         shift and go to state 25
    ESPERAR         shift and go to state 26
    FRENAR          shift and go to state 27
    VPIN            shift and go to state 28
    FINPROGRAMA     reduce using rule 34 (empty -> .)
    END             reduce using rule 34 (empty -> .)

    variable                       shift and go to state 8
    cuerpo                         shift and go to state 32
    funcion                        shift and go to state 9
    asignacion                     shift and go to state 10
    procedimiento                  shift and go to state 11
    condicional                    shift and go to state 12
    bucle                          shift and go to state 13
    reservadas                     shift and go to state 14
    vpin                           shift and go to state 15
    empty                          shift and go to state 16

state 9

    (7) cuerpo -> funcion . cuerpo
    (6) cuerpo -> . variable cuerpo
    (7) cuerpo -> . funcion cuerpo
    (8) cuerpo -> . asignacion cuerpo
    (9) cuerpo -> . procedimiento cuerpo
    (10) cuerpo -> . condicional cuerpo
    (11) cuerpo -> . bucle cuerpo
    (12) cuerpo -> . reservadas cuerpo
    (13) cuerpo -> . vpin cuerpo
    (14) cuerpo -> . empty
    (31) variable -> . VARIABLE PARENTESISA ID VARTYPESEPARATOR TYPE PARENTESISC ENDOFLINE
    (30) funcion -> . FUNCION ID PARENTESISA argumentos PARENTESISC VARTYPESEPARATOR TYPE ENDOFLINE
    (27) asignacion -> . ID IGUAL ID ENDOFLINE
    (28) asignacion -> . ID IGUAL NUMBER ENDOFLINE
    (29) asignacion -> . ID IGUAL DECIMALNUMBER ENDOFLINE
    (26) procedimiento -> . PROCEDIMIENTO ID PARENTESISA argumentos PARENTESISC ENDOFLINE
    (24) condicional -> . IF PARENTESISA PARENTESISC BEGIN cuerpo END ENDOFLINE
    (25) condicional -> . IF PARENTESISA PARENTESISC BEGIN cuerpo END ELSE BEGIN cuerpo END ENDOFLINE
    (23) bucle -> . WHILE PARENTESISA PARENTESISC BEGIN cuerpo END ENDOFLINE
    (16) reservadas -> . ADELANTE PARENTESISA PARENTESISC ENDOFLINE
    (17) reservadas -> . ATRAS PARENTESISA PARENTESISC ENDOFLINE
    (18) reservadas -> . IZQUIERDA PARENTESISA PARENTESISC ENDOFLINE
    (19) reservadas -> . DERECHA PARENTESISA PARENTESISC ENDOFLINE
    (20) reservadas -> . ESPERAR PARENTESISA NUMBER PARENTESISC ENDOFLINE
    (21) reservadas -> . ESPERAR PARENTESISA ID PARENTESISC ENDOFLINE
    (22) reservadas -> . FRENAR PARENTESISA PARENTESISC ENDOFLINE
    (15) vpin -> . VPIN PARENTESISA ID VARTYPESEPARATOR TYPEVPIN PARENTESISC ENDOFLINE
    (34) empty -> .

    VARIABLE        shift and go to state 17
    FUNCION         shift and go to state 18
    ID              shift and go to state 7
    PROCEDIMIENTO   shift and go to state 19
    IF              shift and go to state 20
    WHILE           shift and go to state 21
    ADELANTE        shift and go to state 22
    ATRAS           shift and go to state 23
    IZQUIERDA       shift and go to state 24
    DERECHA         shift and go to state 25
    ESPERAR         shift and go to state 26
    FRENAR          shift and go to state 27
    VPIN            shift and go to state 28
    FINPROGRAMA     reduce using rule 34 (empty -> .)
    END             reduce using rule 34 (empty -> .)

    funcion                        shift and go to state 9
    cuerpo                         shift and go to state 33
    variable                       shift and go to state 8
    asignacion                     shift and go to state 10
    procedimiento                  shift and go to state 11
    condicional                    shift and go to state 12
    bucle                          shift and go to state 13
    reservadas                     shift and go to state 14
    vpin                           shift and go to state 15
    empty                          shift and go to state 16

state 10

    (8) cuerpo -> asignacion . cuerpo
    (6) cuerpo -> . variable cuerpo
    (7) cuerpo -> . funcion cuerpo
    (8) cuerpo -> . asignacion cuerpo
    (9) cuerpo -> . procedimiento cuerpo
    (10) cuerpo -> . condicional cuerpo
    (11) cuerpo -> . bucle cuerpo
    (12) cuerpo -> . reservadas cuerpo
    (13) cuerpo -> . vpin cuerpo
    (14) cuerpo -> . empty
    (31) variable -> . VARIABLE PARENTESISA ID VARTYPESEPARATOR TYPE PARENTESISC ENDOFLINE
    (30) funcion -> . FUNCION ID PARENTESISA argumentos PARENTESISC VARTYPESEPARATOR TYPE ENDOFLINE
    (27) asignacion -> . ID IGUAL ID ENDOFLINE
    (28) asignacion -> . ID IGUAL NUMBER ENDOFLINE
    (29) asignacion -> . ID IGUAL DECIMALNUMBER ENDOFLINE
    (26) procedimiento -> . PROCEDIMIENTO ID PARENTESISA argumentos PARENTESISC ENDOFLINE
    (24) condicional -> . IF PARENTESISA PARENTESISC BEGIN cuerpo END ENDOFLINE
    (25) condicional -> . IF PARENTESISA PARENTESISC BEGIN cuerpo END ELSE BEGIN cuerpo END ENDOFLINE
    (23) bucle -> . WHILE PARENTESISA PARENTESISC BEGIN cuerpo END ENDOFLINE
    (16) reservadas -> . ADELANTE PARENTESISA PARENTESISC ENDOFLINE
    (17) reservadas -> . ATRAS PARENTESISA PARENTESISC ENDOFLINE
    (18) reservadas -> . IZQUIERDA PARENTESISA PARENTESISC ENDOFLINE
    (19) reservadas -> . DERECHA PARENTESISA PARENTESISC ENDOFLINE
    (20) reservadas -> . ESPERAR PARENTESISA NUMBER PARENTESISC ENDOFLINE
    (21) reservadas -> . ESPERAR PARENTESISA ID PARENTESISC ENDOFLINE
    (22) reservadas -> . FRENAR PARENTESISA PARENTESISC ENDOFLINE
    (15) vpin -> . VPIN PARENTESISA ID VARTYPESEPARATOR TYPEVPIN PARENTESISC ENDOFLINE
    (34) empty -> .

    VARIABLE        shift and go to state 17
    FUNCION         shift and go to state 18
    ID              shift and go to state 7
    PROCEDIMIENTO   shift and go to state 19
    IF              shift and go to state 20
    WHILE           shift and go to state 21
    ADELANTE        shift and go to state 22
    ATRAS           shift and go to state 23
    IZQUIERDA       shift and go to state 24
    DERECHA         shift and go to state 25
    ESPERAR         shift and go to state 26
    FRENAR          shift and go to state 27
    VPIN            shift and go to state 28
    FINPROGRAMA     reduce using rule 34 (empty -> .)
    END             reduce using rule 34 (empty -> .)

    asignacion                     shift and go to state 10
    cuerpo                         shift and go to state 34
    variable                       shift and go to state 8
    funcion                        shift and go to state 9
    procedimiento                  shift and go to state 11
    condicional                    shift and go to state 12
    bucle                          shift and go to state 13
    reservadas                     shift and go to state 14
    vpin                           shift and go to state 15
    empty                          shift and go to state 16

state 11

    (9) cuerpo -> procedimiento . cuerpo
    (6) cuerpo -> . variable cuerpo
    (7) cuerpo -> . funcion cuerpo
    (8) cuerpo -> . asignacion cuerpo
    (9) cuerpo -> . procedimiento cuerpo
    (10) cuerpo -> . condicional cuerpo
    (11) cuerpo -> . bucle cuerpo
    (12) cuerpo -> . reservadas cuerpo
    (13) cuerpo -> . vpin cuerpo
    (14) cuerpo -> . empty
    (31) variable -> . VARIABLE PARENTESISA ID VARTYPESEPARATOR TYPE PARENTESISC ENDOFLINE
    (30) funcion -> . FUNCION ID PARENTESISA argumentos PARENTESISC VARTYPESEPARATOR TYPE ENDOFLINE
    (27) asignacion -> . ID IGUAL ID ENDOFLINE
    (28) asignacion -> . ID IGUAL NUMBER ENDOFLINE
    (29) asignacion -> . ID IGUAL DECIMALNUMBER ENDOFLINE
    (26) procedimiento -> . PROCEDIMIENTO ID PARENTESISA argumentos PARENTESISC ENDOFLINE
    (24) condicional -> . IF PARENTESISA PARENTESISC BEGIN cuerpo END ENDOFLINE
    (25) condicional -> . IF PARENTESISA PARENTESISC BEGIN cuerpo END ELSE BEGIN cuerpo END ENDOFLINE
    (23) bucle -> . WHILE PARENTESISA PARENTESISC BEGIN cuerpo END ENDOFLINE
    (16) reservadas -> . ADELANTE PARENTESISA PARENTESISC ENDOFLINE
    (17) reservadas -> . ATRAS PARENTESISA PARENTESISC ENDOFLINE
    (18) reservadas -> . IZQUIERDA PARENTESISA PARENTESISC ENDOFLINE
    (19) reservadas -> . DERECHA PARENTESISA PARENTESISC ENDOFLINE
    (20) reservadas -> . ESPERAR PARENTESISA NUMBER PARENTESISC ENDOFLINE
    (21) reservadas -> . ESPERAR PARENTESISA ID PARENTESISC ENDOFLINE
    (22) reservadas -> . FRENAR PARENTESISA PARENTESISC ENDOFLINE
    (15) vpin -> . VPIN PARENTESISA ID VARTYPESEPARATOR TYPEVPIN PARENTESISC ENDOFLINE
    (34) empty -> .

    VARIABLE        shift and go to state 17
    FUNCION         shift and go to state 18
    ID              shift and go to state 7
    PROCEDIMIENTO   shift and go to state 19
    IF              shift and go to state 20
    WHILE           shift and go to state 21
    ADELANTE        shift and go to state 22
    ATRAS           shift and go to state 23
    IZQUIERDA       shift and go to state 24
    DERECHA         shift and go to state 25
    ESPERAR         shift and go to state 26
    FRENAR          shift and go to state 27
    VPIN            shift and go to state 28
    FINPROGRAMA     reduce using rule 34 (empty -> .)
    END             reduce using rule 34 (empty -> .)

    procedimiento                  shift and go to state 11
    cuerpo                         shift and go to state 35
    variable                       shift and go to state 8
    funcion                        shift and go to state 9
    asignacion                     shift and go to state 10
    condicional                    shift and go to state 12
    bucle                          shift and go to state 13
    reservadas                     shift and go to state 14
    vpin                           shift and go to state 15
    empty                          shift and go to state 16

state 12

    (10) cuerpo -> condicional . cuerpo
    (6) cuerpo -> . variable cuerpo
    (7) cuerpo -> . funcion cuerpo
    (8) cuerpo -> . asignacion cuerpo
    (9) cuerpo -> . procedimiento cuerpo
    (10) cuerpo -> . condicional cuerpo
    (11) cuerpo -> . bucle cuerpo
    (12) cuerpo -> . reservadas cuerpo
    (13) cuerpo -> . vpin cuerpo
    (14) cuerpo -> . empty
    (31) variable -> . VARIABLE PARENTESISA ID VARTYPESEPARATOR TYPE PARENTESISC ENDOFLINE
    (30) funcion -> . FUNCION ID PARENTESISA argumentos PARENTESISC VARTYPESEPARATOR TYPE ENDOFLINE
    (27) asignacion -> . ID IGUAL ID ENDOFLINE
    (28) asignacion -> . ID IGUAL NUMBER ENDOFLINE
    (29) asignacion -> . ID IGUAL DECIMALNUMBER ENDOFLINE
    (26) procedimiento -> . PROCEDIMIENTO ID PARENTESISA argumentos PARENTESISC ENDOFLINE
    (24) condicional -> . IF PARENTESISA PARENTESISC BEGIN cuerpo END ENDOFLINE
    (25) condicional -> . IF PARENTESISA PARENTESISC BEGIN cuerpo END ELSE BEGIN cuerpo END ENDOFLINE
    (23) bucle -> . WHILE PARENTESISA PARENTESISC BEGIN cuerpo END ENDOFLINE
    (16) reservadas -> . ADELANTE PARENTESISA PARENTESISC ENDOFLINE
    (17) reservadas -> . ATRAS PARENTESISA PARENTESISC ENDOFLINE
    (18) reservadas -> . IZQUIERDA PARENTESISA PARENTESISC ENDOFLINE
    (19) reservadas -> . DERECHA PARENTESISA PARENTESISC ENDOFLINE
    (20) reservadas -> . ESPERAR PARENTESISA NUMBER PARENTESISC ENDOFLINE
    (21) reservadas -> . ESPERAR PARENTESISA ID PARENTESISC ENDOFLINE
    (22) reservadas -> . FRENAR PARENTESISA PARENTESISC ENDOFLINE
    (15) vpin -> . VPIN PARENTESISA ID VARTYPESEPARATOR TYPEVPIN PARENTESISC ENDOFLINE
    (34) empty -> .

    VARIABLE        shift and go to state 17
    FUNCION         shift and go to state 18
    ID              shift and go to state 7
    PROCEDIMIENTO   shift and go to state 19
    IF              shift and go to state 20
    WHILE           shift and go to state 21
    ADELANTE        shift and go to state 22
    ATRAS           shift and go to state 23
    IZQUIERDA       shift and go to state 24
    DERECHA         shift and go to state 25
    ESPERAR         shift and go to state 26
    FRENAR          shift and go to state 27
    VPIN            shift and go to state 28
    FINPROGRAMA     reduce using rule 34 (empty -> .)
    END             reduce using rule 34 (empty -> .)

    condicional                    shift and go to state 12
    cuerpo                         shift and go to state 36
    variable                       shift and go to state 8
    funcion                        shift and go to state 9
    asignacion                     shift and go to state 10
    procedimiento                  shift and go to state 11
    bucle                          shift and go to state 13
    reservadas                     shift and go to state 14
    vpin                           shift and go to state 15
    empty                          shift and go to state 16

state 13

    (11) cuerpo -> bucle . cuerpo
    (6) cuerpo -> . variable cuerpo
    (7) cuerpo -> . funcion cuerpo
    (8) cuerpo -> . asignacion cuerpo
    (9) cuerpo -> . procedimiento cuerpo
    (10) cuerpo -> . condicional cuerpo
    (11) cuerpo -> . bucle cuerpo
    (12) cuerpo -> . reservadas cuerpo
    (13) cuerpo -> . vpin cuerpo
    (14) cuerpo -> . empty
    (31) variable -> . VARIABLE PARENTESISA ID VARTYPESEPARATOR TYPE PARENTESISC ENDOFLINE
    (30) funcion -> . FUNCION ID PARENTESISA argumentos PARENTESISC VARTYPESEPARATOR TYPE ENDOFLINE
    (27) asignacion -> . ID IGUAL ID ENDOFLINE
    (28) asignacion -> . ID IGUAL NUMBER ENDOFLINE
    (29) asignacion -> . ID IGUAL DECIMALNUMBER ENDOFLINE
    (26) procedimiento -> . PROCEDIMIENTO ID PARENTESISA argumentos PARENTESISC ENDOFLINE
    (24) condicional -> . IF PARENTESISA PARENTESISC BEGIN cuerpo END ENDOFLINE
    (25) condicional -> . IF PARENTESISA PARENTESISC BEGIN cuerpo END ELSE BEGIN cuerpo END ENDOFLINE
    (23) bucle -> . WHILE PARENTESISA PARENTESISC BEGIN cuerpo END ENDOFLINE
    (16) reservadas -> . ADELANTE PARENTESISA PARENTESISC ENDOFLINE
    (17) reservadas -> . ATRAS PARENTESISA PARENTESISC ENDOFLINE
    (18) reservadas -> . IZQUIERDA PARENTESISA PARENTESISC ENDOFLINE
    (19) reservadas -> . DERECHA PARENTESISA PARENTESISC ENDOFLINE
    (20) reservadas -> . ESPERAR PARENTESISA NUMBER PARENTESISC ENDOFLINE
    (21) reservadas -> . ESPERAR PARENTESISA ID PARENTESISC ENDOFLINE
    (22) reservadas -> . FRENAR PARENTESISA PARENTESISC ENDOFLINE
    (15) vpin -> . VPIN PARENTESISA ID VARTYPESEPARATOR TYPEVPIN PARENTESISC ENDOFLINE
    (34) empty -> .

    VARIABLE        shift and go to state 17
    FUNCION         shift and go to state 18
    ID              shift and go to state 7
    PROCEDIMIENTO   shift and go to state 19
    IF              shift and go to state 20
    WHILE           shift and go to state 21
    ADELANTE        shift and go to state 22
    ATRAS           shift and go to state 23
    IZQUIERDA       shift and go to state 24
    DERECHA         shift and go to state 25
    ESPERAR         shift and go to state 26
    FRENAR          shift and go to state 27
    VPIN            shift and go to state 28
    FINPROGRAMA     reduce using rule 34 (empty -> .)
    END             reduce using rule 34 (empty -> .)

    bucle                          shift and go to state 13
    cuerpo                         shift and go to state 37
    variable                       shift and go to state 8
    funcion                        shift and go to state 9
    asignacion                     shift and go to state 10
    procedimiento                  shift and go to state 11
    condicional                    shift and go to state 12
    reservadas                     shift and go to state 14
    vpin                           shift and go to state 15
    empty                          shift and go to state 16

state 14

    (12) cuerpo -> reservadas . cuerpo
    (6) cuerpo -> . variable cuerpo
    (7) cuerpo -> . funcion cuerpo
    (8) cuerpo -> . asignacion cuerpo
    (9) cuerpo -> . procedimiento cuerpo
    (10) cuerpo -> . condicional cuerpo
    (11) cuerpo -> . bucle cuerpo
    (12) cuerpo -> . reservadas cuerpo
    (13) cuerpo -> . vpin cuerpo
    (14) cuerpo -> . empty
    (31) variable -> . VARIABLE PARENTESISA ID VARTYPESEPARATOR TYPE PARENTESISC ENDOFLINE
    (30) funcion -> . FUNCION ID PARENTESISA argumentos PARENTESISC VARTYPESEPARATOR TYPE ENDOFLINE
    (27) asignacion -> . ID IGUAL ID ENDOFLINE
    (28) asignacion -> . ID IGUAL NUMBER ENDOFLINE
    (29) asignacion -> . ID IGUAL DECIMALNUMBER ENDOFLINE
    (26) procedimiento -> . PROCEDIMIENTO ID PARENTESISA argumentos PARENTESISC ENDOFLINE
    (24) condicional -> . IF PARENTESISA PARENTESISC BEGIN cuerpo END ENDOFLINE
    (25) condicional -> . IF PARENTESISA PARENTESISC BEGIN cuerpo END ELSE BEGIN cuerpo END ENDOFLINE
    (23) bucle -> . WHILE PARENTESISA PARENTESISC BEGIN cuerpo END ENDOFLINE
    (16) reservadas -> . ADELANTE PARENTESISA PARENTESISC ENDOFLINE
    (17) reservadas -> . ATRAS PARENTESISA PARENTESISC ENDOFLINE
    (18) reservadas -> . IZQUIERDA PARENTESISA PARENTESISC ENDOFLINE
    (19) reservadas -> . DERECHA PARENTESISA PARENTESISC ENDOFLINE
    (20) reservadas -> . ESPERAR PARENTESISA NUMBER PARENTESISC ENDOFLINE
    (21) reservadas -> . ESPERAR PARENTESISA ID PARENTESISC ENDOFLINE
    (22) reservadas -> . FRENAR PARENTESISA PARENTESISC ENDOFLINE
    (15) vpin -> . VPIN PARENTESISA ID VARTYPESEPARATOR TYPEVPIN PARENTESISC ENDOFLINE
    (34) empty -> .

    VARIABLE        shift and go to state 17
    FUNCION         shift and go to state 18
    ID              shift and go to state 7
    PROCEDIMIENTO   shift and go to state 19
    IF              shift and go to state 20
    WHILE           shift and go to state 21
    ADELANTE        shift and go to state 22
    ATRAS           shift and go to state 23
    IZQUIERDA       shift and go to state 24
    DERECHA         shift and go to state 25
    ESPERAR         shift and go to state 26
    FRENAR          shift and go to state 27
    VPIN            shift and go to state 28
    FINPROGRAMA     reduce using rule 34 (empty -> .)
    END             reduce using rule 34 (empty -> .)

    reservadas                     shift and go to state 14
    cuerpo                         shift and go to state 38
    variable                       shift and go to state 8
    funcion                        shift and go to state 9
    asignacion                     shift and go to state 10
    procedimiento                  shift and go to state 11
    condicional                    shift and go to state 12
    bucle                          shift and go to state 13
    vpin                           shift and go to state 15
    empty                          shift and go to state 16

state 15

    (13) cuerpo -> vpin . cuerpo
    (6) cuerpo -> . variable cuerpo
    (7) cuerpo -> . funcion cuerpo
    (8) cuerpo -> . asignacion cuerpo
    (9) cuerpo -> . procedimiento cuerpo
    (10) cuerpo -> . condicional cuerpo
    (11) cuerpo -> . bucle cuerpo
    (12) cuerpo -> . reservadas cuerpo
    (13) cuerpo -> . vpin cuerpo
    (14) cuerpo -> . empty
    (31) variable -> . VARIABLE PARENTESISA ID VARTYPESEPARATOR TYPE PARENTESISC ENDOFLINE
    (30) funcion -> . FUNCION ID PARENTESISA argumentos PARENTESISC VARTYPESEPARATOR TYPE ENDOFLINE
    (27) asignacion -> . ID IGUAL ID ENDOFLINE
    (28) asignacion -> . ID IGUAL NUMBER ENDOFLINE
    (29) asignacion -> . ID IGUAL DECIMALNUMBER ENDOFLINE
    (26) procedimiento -> . PROCEDIMIENTO ID PARENTESISA argumentos PARENTESISC ENDOFLINE
    (24) condicional -> . IF PARENTESISA PARENTESISC BEGIN cuerpo END ENDOFLINE
    (25) condicional -> . IF PARENTESISA PARENTESISC BEGIN cuerpo END ELSE BEGIN cuerpo END ENDOFLINE
    (23) bucle -> . WHILE PARENTESISA PARENTESISC BEGIN cuerpo END ENDOFLINE
    (16) reservadas -> . ADELANTE PARENTESISA PARENTESISC ENDOFLINE
    (17) reservadas -> . ATRAS PARENTESISA PARENTESISC ENDOFLINE
    (18) reservadas -> . IZQUIERDA PARENTESISA PARENTESISC ENDOFLINE
    (19) reservadas -> . DERECHA PARENTESISA PARENTESISC ENDOFLINE
    (20) reservadas -> . ESPERAR PARENTESISA NUMBER PARENTESISC ENDOFLINE
    (21) reservadas -> . ESPERAR PARENTESISA ID PARENTESISC ENDOFLINE
    (22) reservadas -> . FRENAR PARENTESISA PARENTESISC ENDOFLINE
    (15) vpin -> . VPIN PARENTESISA ID VARTYPESEPARATOR TYPEVPIN PARENTESISC ENDOFLINE
    (34) empty -> .

    VARIABLE        shift and go to state 17
    FUNCION         shift and go to state 18
    ID              shift and go to state 7
    PROCEDIMIENTO   shift and go to state 19
    IF              shift and go to state 20
    WHILE           shift and go to state 21
    ADELANTE        shift and go to state 22
    ATRAS           shift and go to state 23
    IZQUIERDA       shift and go to state 24
    DERECHA         shift and go to state 25
    ESPERAR         shift and go to state 26
    FRENAR          shift and go to state 27
    VPIN            shift and go to state 28
    FINPROGRAMA     reduce using rule 34 (empty -> .)
    END             reduce using rule 34 (empty -> .)

    vpin                           shift and go to state 15
    cuerpo                         shift and go to state 39
    variable                       shift and go to state 8
    funcion                        shift and go to state 9
    asignacion                     shift and go to state 10
    procedimiento                  shift and go to state 11
    condicional                    shift and go to state 12
    bucle                          shift and go to state 13
    reservadas                     shift and go to state 14
    empty                          shift and go to state 16

state 16

    (14) cuerpo -> empty .

    FINPROGRAMA     reduce using rule 14 (cuerpo -> empty .)
    END             reduce using rule 14 (cuerpo -> empty .)


state 17

    (31) variable -> VARIABLE . PARENTESISA ID VARTYPESEPARATOR TYPE PARENTESISC ENDOFLINE

    PARENTESISA     shift and go to state 40


state 18

    (30) funcion -> FUNCION . ID PARENTESISA argumentos PARENTESISC VARTYPESEPARATOR TYPE ENDOFLINE

    ID              shift and go to state 41


state 19

    (26) procedimiento -> PROCEDIMIENTO . ID PARENTESISA argumentos PARENTESISC ENDOFLINE

    ID              shift and go to state 42


state 20

    (24) condicional -> IF . PARENTESISA PARENTESISC BEGIN cuerpo END ENDOFLINE
    (25) condicional -> IF . PARENTESISA PARENTESISC BEGIN cuerpo END ELSE BEGIN cuerpo END ENDOFLINE

    PARENTESISA     shift and go to state 43


state 21

    (23) bucle -> WHILE . PARENTESISA PARENTESISC BEGIN cuerpo END ENDOFLINE

    PARENTESISA     shift and go to state 44


state 22

    (16) reservadas -> ADELANTE . PARENTESISA PARENTESISC ENDOFLINE

    PARENTESISA     shift and go to state 45


state 23

    (17) reservadas -> ATRAS . PARENTESISA PARENTESISC ENDOFLINE

    PARENTESISA     shift and go to state 46


state 24

    (18) reservadas -> IZQUIERDA . PARENTESISA PARENTESISC ENDOFLINE

    PARENTESISA     shift and go to state 47


state 25

    (19) reservadas -> DERECHA . PARENTESISA PARENTESISC ENDOFLINE

    PARENTESISA     shift and go to state 48


state 26

    (20) reservadas -> ESPERAR . PARENTESISA NUMBER PARENTESISC ENDOFLINE
    (21) reservadas -> ESPERAR . PARENTESISA ID PARENTESISC ENDOFLINE

    PARENTESISA     shift and go to state 49


state 27

    (22) reservadas -> FRENAR . PARENTESISA PARENTESISC ENDOFLINE

    PARENTESISA     shift and go to state 50


state 28

    (15) vpin -> VPIN . PARENTESISA ID VARTYPESEPARATOR TYPEVPIN PARENTESISC ENDOFLINE

    PARENTESISA     shift and go to state 51


state 29

    (1) programa -> INICIODEPROGRAMA declaraciones FINPROGRAMA .

    $end            reduce using rule 1 (programa -> INICIODEPROGRAMA declaraciones FINPROGRAMA .)


state 30

    (4) librerias -> LIBRERIA PARENTESISA . ID OPERADORPUNTO EXTENSION PARENTESISC COMA librerias
    (5) librerias -> LIBRERIA PARENTESISA . ID OPERADORPUNTO EXTENSION PARENTESISC ENDOFLINE cuerpo

    ID              shift and go to state 52


state 31

    (27) asignacion -> ID IGUAL . ID ENDOFLINE
    (28) asignacion -> ID IGUAL . NUMBER ENDOFLINE
    (29) asignacion -> ID IGUAL . DECIMALNUMBER ENDOFLINE

    ID              shift and go to state 53
    NUMBER          shift and go to state 54
    DECIMALNUMBER   shift and go to state 55


state 32

    (6) cuerpo -> variable cuerpo .

    FINPROGRAMA     reduce using rule 6 (cuerpo -> variable cuerpo .)
    END             reduce using rule 6 (cuerpo -> variable cuerpo .)


state 33

    (7) cuerpo -> funcion cuerpo .

    FINPROGRAMA     reduce using rule 7 (cuerpo -> funcion cuerpo .)
    END             reduce using rule 7 (cuerpo -> funcion cuerpo .)


state 34

    (8) cuerpo -> asignacion cuerpo .

    FINPROGRAMA     reduce using rule 8 (cuerpo -> asignacion cuerpo .)
    END             reduce using rule 8 (cuerpo -> asignacion cuerpo .)


state 35

    (9) cuerpo -> procedimiento cuerpo .

    FINPROGRAMA     reduce using rule 9 (cuerpo -> procedimiento cuerpo .)
    END             reduce using rule 9 (cuerpo -> procedimiento cuerpo .)


state 36

    (10) cuerpo -> condicional cuerpo .

    FINPROGRAMA     reduce using rule 10 (cuerpo -> condicional cuerpo .)
    END             reduce using rule 10 (cuerpo -> condicional cuerpo .)


state 37

    (11) cuerpo -> bucle cuerpo .

    FINPROGRAMA     reduce using rule 11 (cuerpo -> bucle cuerpo .)
    END             reduce using rule 11 (cuerpo -> bucle cuerpo .)


state 38

    (12) cuerpo -> reservadas cuerpo .

    FINPROGRAMA     reduce using rule 12 (cuerpo -> reservadas cuerpo .)
    END             reduce using rule 12 (cuerpo -> reservadas cuerpo .)


state 39

    (13) cuerpo -> vpin cuerpo .

    FINPROGRAMA     reduce using rule 13 (cuerpo -> vpin cuerpo .)
    END             reduce using rule 13 (cuerpo -> vpin cuerpo .)


state 40

    (31) variable -> VARIABLE PARENTESISA . ID VARTYPESEPARATOR TYPE PARENTESISC ENDOFLINE

    ID              shift and go to state 56


state 41

    (30) funcion -> FUNCION ID . PARENTESISA argumentos PARENTESISC VARTYPESEPARATOR TYPE ENDOFLINE

    PARENTESISA     shift and go to state 57


state 42

    (26) procedimiento -> PROCEDIMIENTO ID . PARENTESISA argumentos PARENTESISC ENDOFLINE

    PARENTESISA     shift and go to state 58


state 43

    (24) condicional -> IF PARENTESISA . PARENTESISC BEGIN cuerpo END ENDOFLINE
    (25) condicional -> IF PARENTESISA . PARENTESISC BEGIN cuerpo END ELSE BEGIN cuerpo END ENDOFLINE

    PARENTESISC     shift and go to state 59


state 44

    (23) bucle -> WHILE PARENTESISA . PARENTESISC BEGIN cuerpo END ENDOFLINE

    PARENTESISC     shift and go to state 60


state 45

    (16) reservadas -> ADELANTE PARENTESISA . PARENTESISC ENDOFLINE

    PARENTESISC     shift and go to state 61


state 46

    (17) reservadas -> ATRAS PARENTESISA . PARENTESISC ENDOFLINE

    PARENTESISC     shift and go to state 62


state 47

    (18) reservadas -> IZQUIERDA PARENTESISA . PARENTESISC ENDOFLINE

    PARENTESISC     shift and go to state 63


state 48

    (19) reservadas -> DERECHA PARENTESISA . PARENTESISC ENDOFLINE

    PARENTESISC     shift and go to state 64


state 49

    (20) reservadas -> ESPERAR PARENTESISA . NUMBER PARENTESISC ENDOFLINE
    (21) reservadas -> ESPERAR PARENTESISA . ID PARENTESISC ENDOFLINE

    NUMBER          shift and go to state 65
    ID              shift and go to state 66


state 50

    (22) reservadas -> FRENAR PARENTESISA . PARENTESISC ENDOFLINE

    PARENTESISC     shift and go to state 67


state 51

    (15) vpin -> VPIN PARENTESISA . ID VARTYPESEPARATOR TYPEVPIN PARENTESISC ENDOFLINE

    ID              shift and go to state 68


state 52

    (4) librerias -> LIBRERIA PARENTESISA ID . OPERADORPUNTO EXTENSION PARENTESISC COMA librerias
    (5) librerias -> LIBRERIA PARENTESISA ID . OPERADORPUNTO EXTENSION PARENTESISC ENDOFLINE cuerpo

    OPERADORPUNTO   shift and go to state 69


state 53

    (27) asignacion -> ID IGUAL ID . ENDOFLINE

    ENDOFLINE       shift and go to state 70


state 54

    (28) asignacion -> ID IGUAL NUMBER . ENDOFLINE

    ENDOFLINE       shift and go to state 71


state 55

    (29) asignacion -> ID IGUAL DECIMALNUMBER . ENDOFLINE

    ENDOFLINE       shift and go to state 72


state 56

    (31) variable -> VARIABLE PARENTESISA ID . VARTYPESEPARATOR TYPE PARENTESISC ENDOFLINE

    VARTYPESEPARATOR shift and go to state 73


state 57

    (30) funcion -> FUNCION ID PARENTESISA . argumentos PARENTESISC VARTYPESEPARATOR TYPE ENDOFLINE
    (32) argumentos -> . ID VARTYPESEPARATOR TYPE COMA argumentos
    (33) argumentos -> . ID VARTYPESEPARATOR TYPE

    ID              shift and go to state 74

    argumentos                     shift and go to state 75

state 58

    (26) procedimiento -> PROCEDIMIENTO ID PARENTESISA . argumentos PARENTESISC ENDOFLINE
    (32) argumentos -> . ID VARTYPESEPARATOR TYPE COMA argumentos
    (33) argumentos -> . ID VARTYPESEPARATOR TYPE

    ID              shift and go to state 74

    argumentos                     shift and go to state 76

state 59

    (24) condicional -> IF PARENTESISA PARENTESISC . BEGIN cuerpo END ENDOFLINE
    (25) condicional -> IF PARENTESISA PARENTESISC . BEGIN cuerpo END ELSE BEGIN cuerpo END ENDOFLINE

    BEGIN           shift and go to state 77


state 60

    (23) bucle -> WHILE PARENTESISA PARENTESISC . BEGIN cuerpo END ENDOFLINE

    BEGIN           shift and go to state 78


state 61

    (16) reservadas -> ADELANTE PARENTESISA PARENTESISC . ENDOFLINE

    ENDOFLINE       shift and go to state 79


state 62

    (17) reservadas -> ATRAS PARENTESISA PARENTESISC . ENDOFLINE

    ENDOFLINE       shift and go to state 80


state 63

    (18) reservadas -> IZQUIERDA PARENTESISA PARENTESISC . ENDOFLINE

    ENDOFLINE       shift and go to state 81


state 64

    (19) reservadas -> DERECHA PARENTESISA PARENTESISC . ENDOFLINE

    ENDOFLINE       shift and go to state 82


state 65

    (20) reservadas -> ESPERAR PARENTESISA NUMBER . PARENTESISC ENDOFLINE

    PARENTESISC     shift and go to state 83


state 66

    (21) reservadas -> ESPERAR PARENTESISA ID . PARENTESISC ENDOFLINE

    PARENTESISC     shift and go to state 84


state 67

    (22) reservadas -> FRENAR PARENTESISA PARENTESISC . ENDOFLINE

    ENDOFLINE       shift and go to state 85


state 68

    (15) vpin -> VPIN PARENTESISA ID . VARTYPESEPARATOR TYPEVPIN PARENTESISC ENDOFLINE

    VARTYPESEPARATOR shift and go to state 86


state 69

    (4) librerias -> LIBRERIA PARENTESISA ID OPERADORPUNTO . EXTENSION PARENTESISC COMA librerias
    (5) librerias -> LIBRERIA PARENTESISA ID OPERADORPUNTO . EXTENSION PARENTESISC ENDOFLINE cuerpo

    EXTENSION       shift and go to state 87


state 70

    (27) asignacion -> ID IGUAL ID ENDOFLINE .

    VARIABLE        reduce using rule 27 (asignacion -> ID IGUAL ID ENDOFLINE .)
    FUNCION         reduce using rule 27 (asignacion -> ID IGUAL ID ENDOFLINE .)
    ID              reduce using rule 27 (asignacion -> ID IGUAL ID ENDOFLINE .)
    PROCEDIMIENTO   reduce using rule 27 (asignacion -> ID IGUAL ID ENDOFLINE .)
    IF              reduce using rule 27 (asignacion -> ID IGUAL ID ENDOFLINE .)
    WHILE           reduce using rule 27 (asignacion -> ID IGUAL ID ENDOFLINE .)
    ADELANTE        reduce using rule 27 (asignacion -> ID IGUAL ID ENDOFLINE .)
    ATRAS           reduce using rule 27 (asignacion -> ID IGUAL ID ENDOFLINE .)
    IZQUIERDA       reduce using rule 27 (asignacion -> ID IGUAL ID ENDOFLINE .)
    DERECHA         reduce using rule 27 (asignacion -> ID IGUAL ID ENDOFLINE .)
    ESPERAR         reduce using rule 27 (asignacion -> ID IGUAL ID ENDOFLINE .)
    FRENAR          reduce using rule 27 (asignacion -> ID IGUAL ID ENDOFLINE .)
    VPIN            reduce using rule 27 (asignacion -> ID IGUAL ID ENDOFLINE .)
    FINPROGRAMA     reduce using rule 27 (asignacion -> ID IGUAL ID ENDOFLINE .)
    END             reduce using rule 27 (asignacion -> ID IGUAL ID ENDOFLINE .)


state 71

    (28) asignacion -> ID IGUAL NUMBER ENDOFLINE .

    VARIABLE        reduce using rule 28 (asignacion -> ID IGUAL NUMBER ENDOFLINE .)
    FUNCION         reduce using rule 28 (asignacion -> ID IGUAL NUMBER ENDOFLINE .)
    ID              reduce using rule 28 (asignacion -> ID IGUAL NUMBER ENDOFLINE .)
    PROCEDIMIENTO   reduce using rule 28 (asignacion -> ID IGUAL NUMBER ENDOFLINE .)
    IF              reduce using rule 28 (asignacion -> ID IGUAL NUMBER ENDOFLINE .)
    WHILE           reduce using rule 28 (asignacion -> ID IGUAL NUMBER ENDOFLINE .)
    ADELANTE        reduce using rule 28 (asignacion -> ID IGUAL NUMBER ENDOFLINE .)
    ATRAS           reduce using rule 28 (asignacion -> ID IGUAL NUMBER ENDOFLINE .)
    IZQUIERDA       reduce using rule 28 (asignacion -> ID IGUAL NUMBER ENDOFLINE .)
    DERECHA         reduce using rule 28 (asignacion -> ID IGUAL NUMBER ENDOFLINE .)
    ESPERAR         reduce using rule 28 (asignacion -> ID IGUAL NUMBER ENDOFLINE .)
    FRENAR          reduce using rule 28 (asignacion -> ID IGUAL NUMBER ENDOFLINE .)
    VPIN            reduce using rule 28 (asignacion -> ID IGUAL NUMBER ENDOFLINE .)
    FINPROGRAMA     reduce using rule 28 (asignacion -> ID IGUAL NUMBER ENDOFLINE .)
    END             reduce using rule 28 (asignacion -> ID IGUAL NUMBER ENDOFLINE .)


state 72

    (29) asignacion -> ID IGUAL DECIMALNUMBER ENDOFLINE .

    VARIABLE        reduce using rule 29 (asignacion -> ID IGUAL DECIMALNUMBER ENDOFLINE .)
    FUNCION         reduce using rule 29 (asignacion -> ID IGUAL DECIMALNUMBER ENDOFLINE .)
    ID              reduce using rule 29 (asignacion -> ID IGUAL DECIMALNUMBER ENDOFLINE .)
    PROCEDIMIENTO   reduce using rule 29 (asignacion -> ID IGUAL DECIMALNUMBER ENDOFLINE .)
    IF              reduce using rule 29 (asignacion -> ID IGUAL DECIMALNUMBER ENDOFLINE .)
    WHILE           reduce using rule 29 (asignacion -> ID IGUAL DECIMALNUMBER ENDOFLINE .)
    ADELANTE        reduce using rule 29 (asignacion -> ID IGUAL DECIMALNUMBER ENDOFLINE .)
    ATRAS           reduce using rule 29 (asignacion -> ID IGUAL DECIMALNUMBER ENDOFLINE .)
    IZQUIERDA       reduce using rule 29 (asignacion -> ID IGUAL DECIMALNUMBER ENDOFLINE .)
    DERECHA         reduce using rule 29 (asignacion -> ID IGUAL DECIMALNUMBER ENDOFLINE .)
    ESPERAR         reduce using rule 29 (asignacion -> ID IGUAL DECIMALNUMBER ENDOFLINE .)
    FRENAR          reduce using rule 29 (asignacion -> ID IGUAL DECIMALNUMBER ENDOFLINE .)
    VPIN            reduce using rule 29 (asignacion -> ID IGUAL DECIMALNUMBER ENDOFLINE .)
    FINPROGRAMA     reduce using rule 29 (asignacion -> ID IGUAL DECIMALNUMBER ENDOFLINE .)
    END             reduce using rule 29 (asignacion -> ID IGUAL DECIMALNUMBER ENDOFLINE .)


state 73

    (31) variable -> VARIABLE PARENTESISA ID VARTYPESEPARATOR . TYPE PARENTESISC ENDOFLINE

    TYPE            shift and go to state 88


state 74

    (32) argumentos -> ID . VARTYPESEPARATOR TYPE COMA argumentos
    (33) argumentos -> ID . VARTYPESEPARATOR TYPE

    VARTYPESEPARATOR shift and go to state 89


state 75

    (30) funcion -> FUNCION ID PARENTESISA argumentos . PARENTESISC VARTYPESEPARATOR TYPE ENDOFLINE

    PARENTESISC     shift and go to state 90


state 76

    (26) procedimiento -> PROCEDIMIENTO ID PARENTESISA argumentos . PARENTESISC ENDOFLINE

    PARENTESISC     shift and go to state 91


state 77

    (24) condicional -> IF PARENTESISA PARENTESISC BEGIN . cuerpo END ENDOFLINE
    (25) condicional -> IF PARENTESISA PARENTESISC BEGIN . cuerpo END ELSE BEGIN cuerpo END ENDOFLINE
    (6) cuerpo -> . variable cuerpo
    (7) cuerpo -> . funcion cuerpo
    (8) cuerpo -> . asignacion cuerpo
    (9) cuerpo -> . procedimiento cuerpo
    (10) cuerpo -> . condicional cuerpo
    (11) cuerpo -> . bucle cuerpo
    (12) cuerpo -> . reservadas cuerpo
    (13) cuerpo -> . vpin cuerpo
    (14) cuerpo -> . empty
    (31) variable -> . VARIABLE PARENTESISA ID VARTYPESEPARATOR TYPE PARENTESISC ENDOFLINE
    (30) funcion -> . FUNCION ID PARENTESISA argumentos PARENTESISC VARTYPESEPARATOR TYPE ENDOFLINE
    (27) asignacion -> . ID IGUAL ID ENDOFLINE
    (28) asignacion -> . ID IGUAL NUMBER ENDOFLINE
    (29) asignacion -> . ID IGUAL DECIMALNUMBER ENDOFLINE
    (26) procedimiento -> . PROCEDIMIENTO ID PARENTESISA argumentos PARENTESISC ENDOFLINE
    (24) condicional -> . IF PARENTESISA PARENTESISC BEGIN cuerpo END ENDOFLINE
    (25) condicional -> . IF PARENTESISA PARENTESISC BEGIN cuerpo END ELSE BEGIN cuerpo END ENDOFLINE
    (23) bucle -> . WHILE PARENTESISA PARENTESISC BEGIN cuerpo END ENDOFLINE
    (16) reservadas -> . ADELANTE PARENTESISA PARENTESISC ENDOFLINE
    (17) reservadas -> . ATRAS PARENTESISA PARENTESISC ENDOFLINE
    (18) reservadas -> . IZQUIERDA PARENTESISA PARENTESISC ENDOFLINE
    (19) reservadas -> . DERECHA PARENTESISA PARENTESISC ENDOFLINE
    (20) reservadas -> . ESPERAR PARENTESISA NUMBER PARENTESISC ENDOFLINE
    (21) reservadas -> . ESPERAR PARENTESISA ID PARENTESISC ENDOFLINE
    (22) reservadas -> . FRENAR PARENTESISA PARENTESISC ENDOFLINE
    (15) vpin -> . VPIN PARENTESISA ID VARTYPESEPARATOR TYPEVPIN PARENTESISC ENDOFLINE
    (34) empty -> .

    VARIABLE        shift and go to state 17
    FUNCION         shift and go to state 18
    ID              shift and go to state 7
    PROCEDIMIENTO   shift and go to state 19
    IF              shift and go to state 20
    WHILE           shift and go to state 21
    ADELANTE        shift and go to state 22
    ATRAS           shift and go to state 23
    IZQUIERDA       shift and go to state 24
    DERECHA         shift and go to state 25
    ESPERAR         shift and go to state 26
    FRENAR          shift and go to state 27
    VPIN            shift and go to state 28
    END             reduce using rule 34 (empty -> .)

    cuerpo                         shift and go to state 92
    variable                       shift and go to state 8
    funcion                        shift and go to state 9
    asignacion                     shift and go to state 10
    procedimiento                  shift and go to state 11
    condicional                    shift and go to state 12
    bucle                          shift and go to state 13
    reservadas                     shift and go to state 14
    vpin                           shift and go to state 15
    empty                          shift and go to state 16

state 78

    (23) bucle -> WHILE PARENTESISA PARENTESISC BEGIN . cuerpo END ENDOFLINE
    (6) cuerpo -> . variable cuerpo
    (7) cuerpo -> . funcion cuerpo
    (8) cuerpo -> . asignacion cuerpo
    (9) cuerpo -> . procedimiento cuerpo
    (10) cuerpo -> . condicional cuerpo
    (11) cuerpo -> . bucle cuerpo
    (12) cuerpo -> . reservadas cuerpo
    (13) cuerpo -> . vpin cuerpo
    (14) cuerpo -> . empty
    (31) variable -> . VARIABLE PARENTESISA ID VARTYPESEPARATOR TYPE PARENTESISC ENDOFLINE
    (30) funcion -> . FUNCION ID PARENTESISA argumentos PARENTESISC VARTYPESEPARATOR TYPE ENDOFLINE
    (27) asignacion -> . ID IGUAL ID ENDOFLINE
    (28) asignacion -> . ID IGUAL NUMBER ENDOFLINE
    (29) asignacion -> . ID IGUAL DECIMALNUMBER ENDOFLINE
    (26) procedimiento -> . PROCEDIMIENTO ID PARENTESISA argumentos PARENTESISC ENDOFLINE
    (24) condicional -> . IF PARENTESISA PARENTESISC BEGIN cuerpo END ENDOFLINE
    (25) condicional -> . IF PARENTESISA PARENTESISC BEGIN cuerpo END ELSE BEGIN cuerpo END ENDOFLINE
    (23) bucle -> . WHILE PARENTESISA PARENTESISC BEGIN cuerpo END ENDOFLINE
    (16) reservadas -> . ADELANTE PARENTESISA PARENTESISC ENDOFLINE
    (17) reservadas -> . ATRAS PARENTESISA PARENTESISC ENDOFLINE
    (18) reservadas -> . IZQUIERDA PARENTESISA PARENTESISC ENDOFLINE
    (19) reservadas -> . DERECHA PARENTESISA PARENTESISC ENDOFLINE
    (20) reservadas -> . ESPERAR PARENTESISA NUMBER PARENTESISC ENDOFLINE
    (21) reservadas -> . ESPERAR PARENTESISA ID PARENTESISC ENDOFLINE
    (22) reservadas -> . FRENAR PARENTESISA PARENTESISC ENDOFLINE
    (15) vpin -> . VPIN PARENTESISA ID VARTYPESEPARATOR TYPEVPIN PARENTESISC ENDOFLINE
    (34) empty -> .

    VARIABLE        shift and go to state 17
    FUNCION         shift and go to state 18
    ID              shift and go to state 7
    PROCEDIMIENTO   shift and go to state 19
    IF              shift and go to state 20
    WHILE           shift and go to state 21
    ADELANTE        shift and go to state 22
    ATRAS           shift and go to state 23
    IZQUIERDA       shift and go to state 24
    DERECHA         shift and go to state 25
    ESPERAR         shift and go to state 26
    FRENAR          shift and go to state 27
    VPIN            shift and go to state 28
    END             reduce using rule 34 (empty -> .)

    cuerpo                         shift and go to state 93
    variable                       shift and go to state 8
    funcion                        shift and go to state 9
    asignacion                     shift and go to state 10
    procedimiento                  shift and go to state 11
    condicional                    shift and go to state 12
    bucle                          shift and go to state 13
    reservadas                     shift and go to state 14
    vpin                           shift and go to state 15
    empty                          shift and go to state 16

state 79

    (16) reservadas -> ADELANTE PARENTESISA PARENTESISC ENDOFLINE .

    VARIABLE        reduce using rule 16 (reservadas -> ADELANTE PARENTESISA PARENTESISC ENDOFLINE .)
    FUNCION         reduce using rule 16 (reservadas -> ADELANTE PARENTESISA PARENTESISC ENDOFLINE .)
    ID              reduce using rule 16 (reservadas -> ADELANTE PARENTESISA PARENTESISC ENDOFLINE .)
    PROCEDIMIENTO   reduce using rule 16 (reservadas -> ADELANTE PARENTESISA PARENTESISC ENDOFLINE .)
    IF              reduce using rule 16 (reservadas -> ADELANTE PARENTESISA PARENTESISC ENDOFLINE .)
    WHILE           reduce using rule 16 (reservadas -> ADELANTE PARENTESISA PARENTESISC ENDOFLINE .)
    ADELANTE        reduce using rule 16 (reservadas -> ADELANTE PARENTESISA PARENTESISC ENDOFLINE .)
    ATRAS           reduce using rule 16 (reservadas -> ADELANTE PARENTESISA PARENTESISC ENDOFLINE .)
    IZQUIERDA       reduce using rule 16 (reservadas -> ADELANTE PARENTESISA PARENTESISC ENDOFLINE .)
    DERECHA         reduce using rule 16 (reservadas -> ADELANTE PARENTESISA PARENTESISC ENDOFLINE .)
    ESPERAR         reduce using rule 16 (reservadas -> ADELANTE PARENTESISA PARENTESISC ENDOFLINE .)
    FRENAR          reduce using rule 16 (reservadas -> ADELANTE PARENTESISA PARENTESISC ENDOFLINE .)
    VPIN            reduce using rule 16 (reservadas -> ADELANTE PARENTESISA PARENTESISC ENDOFLINE .)
    FINPROGRAMA     reduce using rule 16 (reservadas -> ADELANTE PARENTESISA PARENTESISC ENDOFLINE .)
    END             reduce using rule 16 (reservadas -> ADELANTE PARENTESISA PARENTESISC ENDOFLINE .)


state 80

    (17) reservadas -> ATRAS PARENTESISA PARENTESISC ENDOFLINE .

    VARIABLE        reduce using rule 17 (reservadas -> ATRAS PARENTESISA PARENTESISC ENDOFLINE .)
    FUNCION         reduce using rule 17 (reservadas -> ATRAS PARENTESISA PARENTESISC ENDOFLINE .)
    ID              reduce using rule 17 (reservadas -> ATRAS PARENTESISA PARENTESISC ENDOFLINE .)
    PROCEDIMIENTO   reduce using rule 17 (reservadas -> ATRAS PARENTESISA PARENTESISC ENDOFLINE .)
    IF              reduce using rule 17 (reservadas -> ATRAS PARENTESISA PARENTESISC ENDOFLINE .)
    WHILE           reduce using rule 17 (reservadas -> ATRAS PARENTESISA PARENTESISC ENDOFLINE .)
    ADELANTE        reduce using rule 17 (reservadas -> ATRAS PARENTESISA PARENTESISC ENDOFLINE .)
    ATRAS           reduce using rule 17 (reservadas -> ATRAS PARENTESISA PARENTESISC ENDOFLINE .)
    IZQUIERDA       reduce using rule 17 (reservadas -> ATRAS PARENTESISA PARENTESISC ENDOFLINE .)
    DERECHA         reduce using rule 17 (reservadas -> ATRAS PARENTESISA PARENTESISC ENDOFLINE .)
    ESPERAR         reduce using rule 17 (reservadas -> ATRAS PARENTESISA PARENTESISC ENDOFLINE .)
    FRENAR          reduce using rule 17 (reservadas -> ATRAS PARENTESISA PARENTESISC ENDOFLINE .)
    VPIN            reduce using rule 17 (reservadas -> ATRAS PARENTESISA PARENTESISC ENDOFLINE .)
    FINPROGRAMA     reduce using rule 17 (reservadas -> ATRAS PARENTESISA PARENTESISC ENDOFLINE .)
    END             reduce using rule 17 (reservadas -> ATRAS PARENTESISA PARENTESISC ENDOFLINE .)


state 81

    (18) reservadas -> IZQUIERDA PARENTESISA PARENTESISC ENDOFLINE .

    VARIABLE        reduce using rule 18 (reservadas -> IZQUIERDA PARENTESISA PARENTESISC ENDOFLINE .)
    FUNCION         reduce using rule 18 (reservadas -> IZQUIERDA PARENTESISA PARENTESISC ENDOFLINE .)
    ID              reduce using rule 18 (reservadas -> IZQUIERDA PARENTESISA PARENTESISC ENDOFLINE .)
    PROCEDIMIENTO   reduce using rule 18 (reservadas -> IZQUIERDA PARENTESISA PARENTESISC ENDOFLINE .)
    IF              reduce using rule 18 (reservadas -> IZQUIERDA PARENTESISA PARENTESISC ENDOFLINE .)
    WHILE           reduce using rule 18 (reservadas -> IZQUIERDA PARENTESISA PARENTESISC ENDOFLINE .)
    ADELANTE        reduce using rule 18 (reservadas -> IZQUIERDA PARENTESISA PARENTESISC ENDOFLINE .)
    ATRAS           reduce using rule 18 (reservadas -> IZQUIERDA PARENTESISA PARENTESISC ENDOFLINE .)
    IZQUIERDA       reduce using rule 18 (reservadas -> IZQUIERDA PARENTESISA PARENTESISC ENDOFLINE .)
    DERECHA         reduce using rule 18 (reservadas -> IZQUIERDA PARENTESISA PARENTESISC ENDOFLINE .)
    ESPERAR         reduce using rule 18 (reservadas -> IZQUIERDA PARENTESISA PARENTESISC ENDOFLINE .)
    FRENAR          reduce using rule 18 (reservadas -> IZQUIERDA PARENTESISA PARENTESISC ENDOFLINE .)
    VPIN            reduce using rule 18 (reservadas -> IZQUIERDA PARENTESISA PARENTESISC ENDOFLINE .)
    FINPROGRAMA     reduce using rule 18 (reservadas -> IZQUIERDA PARENTESISA PARENTESISC ENDOFLINE .)
    END             reduce using rule 18 (reservadas -> IZQUIERDA PARENTESISA PARENTESISC ENDOFLINE .)


state 82

    (19) reservadas -> DERECHA PARENTESISA PARENTESISC ENDOFLINE .

    VARIABLE        reduce using rule 19 (reservadas -> DERECHA PARENTESISA PARENTESISC ENDOFLINE .)
    FUNCION         reduce using rule 19 (reservadas -> DERECHA PARENTESISA PARENTESISC ENDOFLINE .)
    ID              reduce using rule 19 (reservadas -> DERECHA PARENTESISA PARENTESISC ENDOFLINE .)
    PROCEDIMIENTO   reduce using rule 19 (reservadas -> DERECHA PARENTESISA PARENTESISC ENDOFLINE .)
    IF              reduce using rule 19 (reservadas -> DERECHA PARENTESISA PARENTESISC ENDOFLINE .)
    WHILE           reduce using rule 19 (reservadas -> DERECHA PARENTESISA PARENTESISC ENDOFLINE .)
    ADELANTE        reduce using rule 19 (reservadas -> DERECHA PARENTESISA PARENTESISC ENDOFLINE .)
    ATRAS           reduce using rule 19 (reservadas -> DERECHA PARENTESISA PARENTESISC ENDOFLINE .)
    IZQUIERDA       reduce using rule 19 (reservadas -> DERECHA PARENTESISA PARENTESISC ENDOFLINE .)
    DERECHA         reduce using rule 19 (reservadas -> DERECHA PARENTESISA PARENTESISC ENDOFLINE .)
    ESPERAR         reduce using rule 19 (reservadas -> DERECHA PARENTESISA PARENTESISC ENDOFLINE .)
    FRENAR          reduce using rule 19 (reservadas -> DERECHA PARENTESISA PARENTESISC ENDOFLINE .)
    VPIN            reduce using rule 19 (reservadas -> DERECHA PARENTESISA PARENTESISC ENDOFLINE .)
    FINPROGRAMA     reduce using rule 19 (reservadas -> DERECHA PARENTESISA PARENTESISC ENDOFLINE .)
    END             reduce using rule 19 (reservadas -> DERECHA PARENTESISA PARENTESISC ENDOFLINE .)


state 83

    (20) reservadas -> ESPERAR PARENTESISA NUMBER PARENTESISC . ENDOFLINE

    ENDOFLINE       shift and go to state 94


state 84

    (21) reservadas -> ESPERAR PARENTESISA ID PARENTESISC . ENDOFLINE

    ENDOFLINE       shift and go to state 95


state 85

    (22) reservadas -> FRENAR PARENTESISA PARENTESISC ENDOFLINE .

    VARIABLE        reduce using rule 22 (reservadas -> FRENAR PARENTESISA PARENTESISC ENDOFLINE .)
    FUNCION         reduce using rule 22 (reservadas -> FRENAR PARENTESISA PARENTESISC ENDOFLINE .)
    ID              reduce using rule 22 (reservadas -> FRENAR PARENTESISA PARENTESISC ENDOFLINE .)
    PROCEDIMIENTO   reduce using rule 22 (reservadas -> FRENAR PARENTESISA PARENTESISC ENDOFLINE .)
    IF              reduce using rule 22 (reservadas -> FRENAR PARENTESISA PARENTESISC ENDOFLINE .)
    WHILE           reduce using rule 22 (reservadas -> FRENAR PARENTESISA PARENTESISC ENDOFLINE .)
    ADELANTE        reduce using rule 22 (reservadas -> FRENAR PARENTESISA PARENTESISC ENDOFLINE .)
    ATRAS           reduce using rule 22 (reservadas -> FRENAR PARENTESISA PARENTESISC ENDOFLINE .)
    IZQUIERDA       reduce using rule 22 (reservadas -> FRENAR PARENTESISA PARENTESISC ENDOFLINE .)
    DERECHA         reduce using rule 22 (reservadas -> FRENAR PARENTESISA PARENTESISC ENDOFLINE .)
    ESPERAR         reduce using rule 22 (reservadas -> FRENAR PARENTESISA PARENTESISC ENDOFLINE .)
    FRENAR          reduce using rule 22 (reservadas -> FRENAR PARENTESISA PARENTESISC ENDOFLINE .)
    VPIN            reduce using rule 22 (reservadas -> FRENAR PARENTESISA PARENTESISC ENDOFLINE .)
    FINPROGRAMA     reduce using rule 22 (reservadas -> FRENAR PARENTESISA PARENTESISC ENDOFLINE .)
    END             reduce using rule 22 (reservadas -> FRENAR PARENTESISA PARENTESISC ENDOFLINE .)


state 86

    (15) vpin -> VPIN PARENTESISA ID VARTYPESEPARATOR . TYPEVPIN PARENTESISC ENDOFLINE

    TYPEVPIN        shift and go to state 96


state 87

    (4) librerias -> LIBRERIA PARENTESISA ID OPERADORPUNTO EXTENSION . PARENTESISC COMA librerias
    (5) librerias -> LIBRERIA PARENTESISA ID OPERADORPUNTO EXTENSION . PARENTESISC ENDOFLINE cuerpo

    PARENTESISC     shift and go to state 97


state 88

    (31) variable -> VARIABLE PARENTESISA ID VARTYPESEPARATOR TYPE . PARENTESISC ENDOFLINE

    PARENTESISC     shift and go to state 98


state 89

    (32) argumentos -> ID VARTYPESEPARATOR . TYPE COMA argumentos
    (33) argumentos -> ID VARTYPESEPARATOR . TYPE

    TYPE            shift and go to state 99


state 90

    (30) funcion -> FUNCION ID PARENTESISA argumentos PARENTESISC . VARTYPESEPARATOR TYPE ENDOFLINE

    VARTYPESEPARATOR shift and go to state 100


state 91

    (26) procedimiento -> PROCEDIMIENTO ID PARENTESISA argumentos PARENTESISC . ENDOFLINE

    ENDOFLINE       shift and go to state 101


state 92

    (24) condicional -> IF PARENTESISA PARENTESISC BEGIN cuerpo . END ENDOFLINE
    (25) condicional -> IF PARENTESISA PARENTESISC BEGIN cuerpo . END ELSE BEGIN cuerpo END ENDOFLINE

    END             shift and go to state 102


state 93

    (23) bucle -> WHILE PARENTESISA PARENTESISC BEGIN cuerpo . END ENDOFLINE

    END             shift and go to state 103


state 94

    (20) reservadas -> ESPERAR PARENTESISA NUMBER PARENTESISC ENDOFLINE .

    VARIABLE        reduce using rule 20 (reservadas -> ESPERAR PARENTESISA NUMBER PARENTESISC ENDOFLINE .)
    FUNCION         reduce using rule 20 (reservadas -> ESPERAR PARENTESISA NUMBER PARENTESISC ENDOFLINE .)
    ID              reduce using rule 20 (reservadas -> ESPERAR PARENTESISA NUMBER PARENTESISC ENDOFLINE .)
    PROCEDIMIENTO   reduce using rule 20 (reservadas -> ESPERAR PARENTESISA NUMBER PARENTESISC ENDOFLINE .)
    IF              reduce using rule 20 (reservadas -> ESPERAR PARENTESISA NUMBER PARENTESISC ENDOFLINE .)
    WHILE           reduce using rule 20 (reservadas -> ESPERAR PARENTESISA NUMBER PARENTESISC ENDOFLINE .)
    ADELANTE        reduce using rule 20 (reservadas -> ESPERAR PARENTESISA NUMBER PARENTESISC ENDOFLINE .)
    ATRAS           reduce using rule 20 (reservadas -> ESPERAR PARENTESISA NUMBER PARENTESISC ENDOFLINE .)
    IZQUIERDA       reduce using rule 20 (reservadas -> ESPERAR PARENTESISA NUMBER PARENTESISC ENDOFLINE .)
    DERECHA         reduce using rule 20 (reservadas -> ESPERAR PARENTESISA NUMBER PARENTESISC ENDOFLINE .)
    ESPERAR         reduce using rule 20 (reservadas -> ESPERAR PARENTESISA NUMBER PARENTESISC ENDOFLINE .)
    FRENAR          reduce using rule 20 (reservadas -> ESPERAR PARENTESISA NUMBER PARENTESISC ENDOFLINE .)
    VPIN            reduce using rule 20 (reservadas -> ESPERAR PARENTESISA NUMBER PARENTESISC ENDOFLINE .)
    FINPROGRAMA     reduce using rule 20 (reservadas -> ESPERAR PARENTESISA NUMBER PARENTESISC ENDOFLINE .)
    END             reduce using rule 20 (reservadas -> ESPERAR PARENTESISA NUMBER PARENTESISC ENDOFLINE .)


state 95

    (21) reservadas -> ESPERAR PARENTESISA ID PARENTESISC ENDOFLINE .

    VARIABLE        reduce using rule 21 (reservadas -> ESPERAR PARENTESISA ID PARENTESISC ENDOFLINE .)
    FUNCION         reduce using rule 21 (reservadas -> ESPERAR PARENTESISA ID PARENTESISC ENDOFLINE .)
    ID              reduce using rule 21 (reservadas -> ESPERAR PARENTESISA ID PARENTESISC ENDOFLINE .)
    PROCEDIMIENTO   reduce using rule 21 (reservadas -> ESPERAR PARENTESISA ID PARENTESISC ENDOFLINE .)
    IF              reduce using rule 21 (reservadas -> ESPERAR PARENTESISA ID PARENTESISC ENDOFLINE .)
    WHILE           reduce using rule 21 (reservadas -> ESPERAR PARENTESISA ID PARENTESISC ENDOFLINE .)
    ADELANTE        reduce using rule 21 (reservadas -> ESPERAR PARENTESISA ID PARENTESISC ENDOFLINE .)
    ATRAS           reduce using rule 21 (reservadas -> ESPERAR PARENTESISA ID PARENTESISC ENDOFLINE .)
    IZQUIERDA       reduce using rule 21 (reservadas -> ESPERAR PARENTESISA ID PARENTESISC ENDOFLINE .)
    DERECHA         reduce using rule 21 (reservadas -> ESPERAR PARENTESISA ID PARENTESISC ENDOFLINE .)
    ESPERAR         reduce using rule 21 (reservadas -> ESPERAR PARENTESISA ID PARENTESISC ENDOFLINE .)
    FRENAR          reduce using rule 21 (reservadas -> ESPERAR PARENTESISA ID PARENTESISC ENDOFLINE .)
    VPIN            reduce using rule 21 (reservadas -> ESPERAR PARENTESISA ID PARENTESISC ENDOFLINE .)
    FINPROGRAMA     reduce using rule 21 (reservadas -> ESPERAR PARENTESISA ID PARENTESISC ENDOFLINE .)
    END             reduce using rule 21 (reservadas -> ESPERAR PARENTESISA ID PARENTESISC ENDOFLINE .)


state 96

    (15) vpin -> VPIN PARENTESISA ID VARTYPESEPARATOR TYPEVPIN . PARENTESISC ENDOFLINE

    PARENTESISC     shift and go to state 104


state 97

    (4) librerias -> LIBRERIA PARENTESISA ID OPERADORPUNTO EXTENSION PARENTESISC . COMA librerias
    (5) librerias -> LIBRERIA PARENTESISA ID OPERADORPUNTO EXTENSION PARENTESISC . ENDOFLINE cuerpo

    COMA            shift and go to state 105
    ENDOFLINE       shift and go to state 106


state 98

    (31) variable -> VARIABLE PARENTESISA ID VARTYPESEPARATOR TYPE PARENTESISC . ENDOFLINE

    ENDOFLINE       shift and go to state 107


state 99

    (32) argumentos -> ID VARTYPESEPARATOR TYPE . COMA argumentos
    (33) argumentos -> ID VARTYPESEPARATOR TYPE .

    COMA            shift and go to state 108
    PARENTESISC     reduce using rule 33 (argumentos -> ID VARTYPESEPARATOR TYPE .)


state 100

    (30) funcion -> FUNCION ID PARENTESISA argumentos PARENTESISC VARTYPESEPARATOR . TYPE ENDOFLINE

    TYPE            shift and go to state 109


state 101

    (26) procedimiento -> PROCEDIMIENTO ID PARENTESISA argumentos PARENTESISC ENDOFLINE .

    VARIABLE        reduce using rule 26 (procedimiento -> PROCEDIMIENTO ID PARENTESISA argumentos PARENTESISC ENDOFLINE .)
    FUNCION         reduce using rule 26 (procedimiento -> PROCEDIMIENTO ID PARENTESISA argumentos PARENTESISC ENDOFLINE .)
    ID              reduce using rule 26 (procedimiento -> PROCEDIMIENTO ID PARENTESISA argumentos PARENTESISC ENDOFLINE .)
    PROCEDIMIENTO   reduce using rule 26 (procedimiento -> PROCEDIMIENTO ID PARENTESISA argumentos PARENTESISC ENDOFLINE .)
    IF              reduce using rule 26 (procedimiento -> PROCEDIMIENTO ID PARENTESISA argumentos PARENTESISC ENDOFLINE .)
    WHILE           reduce using rule 26 (procedimiento -> PROCEDIMIENTO ID PARENTESISA argumentos PARENTESISC ENDOFLINE .)
    ADELANTE        reduce using rule 26 (procedimiento -> PROCEDIMIENTO ID PARENTESISA argumentos PARENTESISC ENDOFLINE .)
    ATRAS           reduce using rule 26 (procedimiento -> PROCEDIMIENTO ID PARENTESISA argumentos PARENTESISC ENDOFLINE .)
    IZQUIERDA       reduce using rule 26 (procedimiento -> PROCEDIMIENTO ID PARENTESISA argumentos PARENTESISC ENDOFLINE .)
    DERECHA         reduce using rule 26 (procedimiento -> PROCEDIMIENTO ID PARENTESISA argumentos PARENTESISC ENDOFLINE .)
    ESPERAR         reduce using rule 26 (procedimiento -> PROCEDIMIENTO ID PARENTESISA argumentos PARENTESISC ENDOFLINE .)
    FRENAR          reduce using rule 26 (procedimiento -> PROCEDIMIENTO ID PARENTESISA argumentos PARENTESISC ENDOFLINE .)
    VPIN            reduce using rule 26 (procedimiento -> PROCEDIMIENTO ID PARENTESISA argumentos PARENTESISC ENDOFLINE .)
    FINPROGRAMA     reduce using rule 26 (procedimiento -> PROCEDIMIENTO ID PARENTESISA argumentos PARENTESISC ENDOFLINE .)
    END             reduce using rule 26 (procedimiento -> PROCEDIMIENTO ID PARENTESISA argumentos PARENTESISC ENDOFLINE .)


state 102

    (24) condicional -> IF PARENTESISA PARENTESISC BEGIN cuerpo END . ENDOFLINE
    (25) condicional -> IF PARENTESISA PARENTESISC BEGIN cuerpo END . ELSE BEGIN cuerpo END ENDOFLINE

    ENDOFLINE       shift and go to state 110
    ELSE            shift and go to state 111


state 103

    (23) bucle -> WHILE PARENTESISA PARENTESISC BEGIN cuerpo END . ENDOFLINE

    ENDOFLINE       shift and go to state 112


state 104

    (15) vpin -> VPIN PARENTESISA ID VARTYPESEPARATOR TYPEVPIN PARENTESISC . ENDOFLINE

    ENDOFLINE       shift and go to state 113


state 105

    (4) librerias -> LIBRERIA PARENTESISA ID OPERADORPUNTO EXTENSION PARENTESISC COMA . librerias
    (4) librerias -> . LIBRERIA PARENTESISA ID OPERADORPUNTO EXTENSION PARENTESISC COMA librerias
    (5) librerias -> . LIBRERIA PARENTESISA ID OPERADORPUNTO EXTENSION PARENTESISC ENDOFLINE cuerpo

    LIBRERIA        shift and go to state 6

    librerias                      shift and go to state 114

state 106

    (5) librerias -> LIBRERIA PARENTESISA ID OPERADORPUNTO EXTENSION PARENTESISC ENDOFLINE . cuerpo
    (6) cuerpo -> . variable cuerpo
    (7) cuerpo -> . funcion cuerpo
    (8) cuerpo -> . asignacion cuerpo
    (9) cuerpo -> . procedimiento cuerpo
    (10) cuerpo -> . condicional cuerpo
    (11) cuerpo -> . bucle cuerpo
    (12) cuerpo -> . reservadas cuerpo
    (13) cuerpo -> . vpin cuerpo
    (14) cuerpo -> . empty
    (31) variable -> . VARIABLE PARENTESISA ID VARTYPESEPARATOR TYPE PARENTESISC ENDOFLINE
    (30) funcion -> . FUNCION ID PARENTESISA argumentos PARENTESISC VARTYPESEPARATOR TYPE ENDOFLINE
    (27) asignacion -> . ID IGUAL ID ENDOFLINE
    (28) asignacion -> . ID IGUAL NUMBER ENDOFLINE
    (29) asignacion -> . ID IGUAL DECIMALNUMBER ENDOFLINE
    (26) procedimiento -> . PROCEDIMIENTO ID PARENTESISA argumentos PARENTESISC ENDOFLINE
    (24) condicional -> . IF PARENTESISA PARENTESISC BEGIN cuerpo END ENDOFLINE
    (25) condicional -> . IF PARENTESISA PARENTESISC BEGIN cuerpo END ELSE BEGIN cuerpo END ENDOFLINE
    (23) bucle -> . WHILE PARENTESISA PARENTESISC BEGIN cuerpo END ENDOFLINE
    (16) reservadas -> . ADELANTE PARENTESISA PARENTESISC ENDOFLINE
    (17) reservadas -> . ATRAS PARENTESISA PARENTESISC ENDOFLINE
    (18) reservadas -> . IZQUIERDA PARENTESISA PARENTESISC ENDOFLINE
    (19) reservadas -> . DERECHA PARENTESISA PARENTESISC ENDOFLINE
    (20) reservadas -> . ESPERAR PARENTESISA NUMBER PARENTESISC ENDOFLINE
    (21) reservadas -> . ESPERAR PARENTESISA ID PARENTESISC ENDOFLINE
    (22) reservadas -> . FRENAR PARENTESISA PARENTESISC ENDOFLINE
    (15) vpin -> . VPIN PARENTESISA ID VARTYPESEPARATOR TYPEVPIN PARENTESISC ENDOFLINE
    (34) empty -> .

    VARIABLE        shift and go to state 17
    FUNCION         shift and go to state 18
    ID              shift and go to state 7
    PROCEDIMIENTO   shift and go to state 19
    IF              shift and go to state 20
    WHILE           shift and go to state 21
    ADELANTE        shift and go to state 22
    ATRAS           shift and go to state 23
    IZQUIERDA       shift and go to state 24
    DERECHA         shift and go to state 25
    ESPERAR         shift and go to state 26
    FRENAR          shift and go to state 27
    VPIN            shift and go to state 28
    FINPROGRAMA     reduce using rule 34 (empty -> .)

    cuerpo                         shift and go to state 115
    variable                       shift and go to state 8
    funcion                        shift and go to state 9
    asignacion                     shift and go to state 10
    procedimiento                  shift and go to state 11
    condicional                    shift and go to state 12
    bucle                          shift and go to state 13
    reservadas                     shift and go to state 14
    vpin                           shift and go to state 15
    empty                          shift and go to state 16

state 107

    (31) variable -> VARIABLE PARENTESISA ID VARTYPESEPARATOR TYPE PARENTESISC ENDOFLINE .

    VARIABLE        reduce using rule 31 (variable -> VARIABLE PARENTESISA ID VARTYPESEPARATOR TYPE PARENTESISC ENDOFLINE .)
    FUNCION         reduce using rule 31 (variable -> VARIABLE PARENTESISA ID VARTYPESEPARATOR TYPE PARENTESISC ENDOFLINE .)
    ID              reduce using rule 31 (variable -> VARIABLE PARENTESISA ID VARTYPESEPARATOR TYPE PARENTESISC ENDOFLINE .)
    PROCEDIMIENTO   reduce using rule 31 (variable -> VARIABLE PARENTESISA ID VARTYPESEPARATOR TYPE PARENTESISC ENDOFLINE .)
    IF              reduce using rule 31 (variable -> VARIABLE PARENTESISA ID VARTYPESEPARATOR TYPE PARENTESISC ENDOFLINE .)
    WHILE           reduce using rule 31 (variable -> VARIABLE PARENTESISA ID VARTYPESEPARATOR TYPE PARENTESISC ENDOFLINE .)
    ADELANTE        reduce using rule 31 (variable -> VARIABLE PARENTESISA ID VARTYPESEPARATOR TYPE PARENTESISC ENDOFLINE .)
    ATRAS           reduce using rule 31 (variable -> VARIABLE PARENTESISA ID VARTYPESEPARATOR TYPE PARENTESISC ENDOFLINE .)
    IZQUIERDA       reduce using rule 31 (variable -> VARIABLE PARENTESISA ID VARTYPESEPARATOR TYPE PARENTESISC ENDOFLINE .)
    DERECHA         reduce using rule 31 (variable -> VARIABLE PARENTESISA ID VARTYPESEPARATOR TYPE PARENTESISC ENDOFLINE .)
    ESPERAR         reduce using rule 31 (variable -> VARIABLE PARENTESISA ID VARTYPESEPARATOR TYPE PARENTESISC ENDOFLINE .)
    FRENAR          reduce using rule 31 (variable -> VARIABLE PARENTESISA ID VARTYPESEPARATOR TYPE PARENTESISC ENDOFLINE .)
    VPIN            reduce using rule 31 (variable -> VARIABLE PARENTESISA ID VARTYPESEPARATOR TYPE PARENTESISC ENDOFLINE .)
    FINPROGRAMA     reduce using rule 31 (variable -> VARIABLE PARENTESISA ID VARTYPESEPARATOR TYPE PARENTESISC ENDOFLINE .)
    END             reduce using rule 31 (variable -> VARIABLE PARENTESISA ID VARTYPESEPARATOR TYPE PARENTESISC ENDOFLINE .)


state 108

    (32) argumentos -> ID VARTYPESEPARATOR TYPE COMA . argumentos
    (32) argumentos -> . ID VARTYPESEPARATOR TYPE COMA argumentos
    (33) argumentos -> . ID VARTYPESEPARATOR TYPE

    ID              shift and go to state 74

    argumentos                     shift and go to state 116

state 109

    (30) funcion -> FUNCION ID PARENTESISA argumentos PARENTESISC VARTYPESEPARATOR TYPE . ENDOFLINE

    ENDOFLINE       shift and go to state 117


state 110

    (24) condicional -> IF PARENTESISA PARENTESISC BEGIN cuerpo END ENDOFLINE .

    VARIABLE        reduce using rule 24 (condicional -> IF PARENTESISA PARENTESISC BEGIN cuerpo END ENDOFLINE .)
    FUNCION         reduce using rule 24 (condicional -> IF PARENTESISA PARENTESISC BEGIN cuerpo END ENDOFLINE .)
    ID              reduce using rule 24 (condicional -> IF PARENTESISA PARENTESISC BEGIN cuerpo END ENDOFLINE .)
    PROCEDIMIENTO   reduce using rule 24 (condicional -> IF PARENTESISA PARENTESISC BEGIN cuerpo END ENDOFLINE .)
    IF              reduce using rule 24 (condicional -> IF PARENTESISA PARENTESISC BEGIN cuerpo END ENDOFLINE .)
    WHILE           reduce using rule 24 (condicional -> IF PARENTESISA PARENTESISC BEGIN cuerpo END ENDOFLINE .)
    ADELANTE        reduce using rule 24 (condicional -> IF PARENTESISA PARENTESISC BEGIN cuerpo END ENDOFLINE .)
    ATRAS           reduce using rule 24 (condicional -> IF PARENTESISA PARENTESISC BEGIN cuerpo END ENDOFLINE .)
    IZQUIERDA       reduce using rule 24 (condicional -> IF PARENTESISA PARENTESISC BEGIN cuerpo END ENDOFLINE .)
    DERECHA         reduce using rule 24 (condicional -> IF PARENTESISA PARENTESISC BEGIN cuerpo END ENDOFLINE .)
    ESPERAR         reduce using rule 24 (condicional -> IF PARENTESISA PARENTESISC BEGIN cuerpo END ENDOFLINE .)
    FRENAR          reduce using rule 24 (condicional -> IF PARENTESISA PARENTESISC BEGIN cuerpo END ENDOFLINE .)
    VPIN            reduce using rule 24 (condicional -> IF PARENTESISA PARENTESISC BEGIN cuerpo END ENDOFLINE .)
    FINPROGRAMA     reduce using rule 24 (condicional -> IF PARENTESISA PARENTESISC BEGIN cuerpo END ENDOFLINE .)
    END             reduce using rule 24 (condicional -> IF PARENTESISA PARENTESISC BEGIN cuerpo END ENDOFLINE .)


state 111

    (25) condicional -> IF PARENTESISA PARENTESISC BEGIN cuerpo END ELSE . BEGIN cuerpo END ENDOFLINE

    BEGIN           shift and go to state 118


state 112

    (23) bucle -> WHILE PARENTESISA PARENTESISC BEGIN cuerpo END ENDOFLINE .

    VARIABLE        reduce using rule 23 (bucle -> WHILE PARENTESISA PARENTESISC BEGIN cuerpo END ENDOFLINE .)
    FUNCION         reduce using rule 23 (bucle -> WHILE PARENTESISA PARENTESISC BEGIN cuerpo END ENDOFLINE .)
    ID              reduce using rule 23 (bucle -> WHILE PARENTESISA PARENTESISC BEGIN cuerpo END ENDOFLINE .)
    PROCEDIMIENTO   reduce using rule 23 (bucle -> WHILE PARENTESISA PARENTESISC BEGIN cuerpo END ENDOFLINE .)
    IF              reduce using rule 23 (bucle -> WHILE PARENTESISA PARENTESISC BEGIN cuerpo END ENDOFLINE .)
    WHILE           reduce using rule 23 (bucle -> WHILE PARENTESISA PARENTESISC BEGIN cuerpo END ENDOFLINE .)
    ADELANTE        reduce using rule 23 (bucle -> WHILE PARENTESISA PARENTESISC BEGIN cuerpo END ENDOFLINE .)
    ATRAS           reduce using rule 23 (bucle -> WHILE PARENTESISA PARENTESISC BEGIN cuerpo END ENDOFLINE .)
    IZQUIERDA       reduce using rule 23 (bucle -> WHILE PARENTESISA PARENTESISC BEGIN cuerpo END ENDOFLINE .)
    DERECHA         reduce using rule 23 (bucle -> WHILE PARENTESISA PARENTESISC BEGIN cuerpo END ENDOFLINE .)
    ESPERAR         reduce using rule 23 (bucle -> WHILE PARENTESISA PARENTESISC BEGIN cuerpo END ENDOFLINE .)
    FRENAR          reduce using rule 23 (bucle -> WHILE PARENTESISA PARENTESISC BEGIN cuerpo END ENDOFLINE .)
    VPIN            reduce using rule 23 (bucle -> WHILE PARENTESISA PARENTESISC BEGIN cuerpo END ENDOFLINE .)
    FINPROGRAMA     reduce using rule 23 (bucle -> WHILE PARENTESISA PARENTESISC BEGIN cuerpo END ENDOFLINE .)
    END             reduce using rule 23 (bucle -> WHILE PARENTESISA PARENTESISC BEGIN cuerpo END ENDOFLINE .)


state 113

    (15) vpin -> VPIN PARENTESISA ID VARTYPESEPARATOR TYPEVPIN PARENTESISC ENDOFLINE .

    VARIABLE        reduce using rule 15 (vpin -> VPIN PARENTESISA ID VARTYPESEPARATOR TYPEVPIN PARENTESISC ENDOFLINE .)
    FUNCION         reduce using rule 15 (vpin -> VPIN PARENTESISA ID VARTYPESEPARATOR TYPEVPIN PARENTESISC ENDOFLINE .)
    ID              reduce using rule 15 (vpin -> VPIN PARENTESISA ID VARTYPESEPARATOR TYPEVPIN PARENTESISC ENDOFLINE .)
    PROCEDIMIENTO   reduce using rule 15 (vpin -> VPIN PARENTESISA ID VARTYPESEPARATOR TYPEVPIN PARENTESISC ENDOFLINE .)
    IF              reduce using rule 15 (vpin -> VPIN PARENTESISA ID VARTYPESEPARATOR TYPEVPIN PARENTESISC ENDOFLINE .)
    WHILE           reduce using rule 15 (vpin -> VPIN PARENTESISA ID VARTYPESEPARATOR TYPEVPIN PARENTESISC ENDOFLINE .)
    ADELANTE        reduce using rule 15 (vpin -> VPIN PARENTESISA ID VARTYPESEPARATOR TYPEVPIN PARENTESISC ENDOFLINE .)
    ATRAS           reduce using rule 15 (vpin -> VPIN PARENTESISA ID VARTYPESEPARATOR TYPEVPIN PARENTESISC ENDOFLINE .)
    IZQUIERDA       reduce using rule 15 (vpin -> VPIN PARENTESISA ID VARTYPESEPARATOR TYPEVPIN PARENTESISC ENDOFLINE .)
    DERECHA         reduce using rule 15 (vpin -> VPIN PARENTESISA ID VARTYPESEPARATOR TYPEVPIN PARENTESISC ENDOFLINE .)
    ESPERAR         reduce using rule 15 (vpin -> VPIN PARENTESISA ID VARTYPESEPARATOR TYPEVPIN PARENTESISC ENDOFLINE .)
    FRENAR          reduce using rule 15 (vpin -> VPIN PARENTESISA ID VARTYPESEPARATOR TYPEVPIN PARENTESISC ENDOFLINE .)
    VPIN            reduce using rule 15 (vpin -> VPIN PARENTESISA ID VARTYPESEPARATOR TYPEVPIN PARENTESISC ENDOFLINE .)
    FINPROGRAMA     reduce using rule 15 (vpin -> VPIN PARENTESISA ID VARTYPESEPARATOR TYPEVPIN PARENTESISC ENDOFLINE .)
    END             reduce using rule 15 (vpin -> VPIN PARENTESISA ID VARTYPESEPARATOR TYPEVPIN PARENTESISC ENDOFLINE .)


state 114

    (4) librerias -> LIBRERIA PARENTESISA ID OPERADORPUNTO EXTENSION PARENTESISC COMA librerias .

    FINPROGRAMA     reduce using rule 4 (librerias -> LIBRERIA PARENTESISA ID OPERADORPUNTO EXTENSION PARENTESISC COMA librerias .)


state 115

    (5) librerias -> LIBRERIA PARENTESISA ID OPERADORPUNTO EXTENSION PARENTESISC ENDOFLINE cuerpo .

    FINPROGRAMA     reduce using rule 5 (librerias -> LIBRERIA PARENTESISA ID OPERADORPUNTO EXTENSION PARENTESISC ENDOFLINE cuerpo .)


state 116

    (32) argumentos -> ID VARTYPESEPARATOR TYPE COMA argumentos .

    PARENTESISC     reduce using rule 32 (argumentos -> ID VARTYPESEPARATOR TYPE COMA argumentos .)


state 117

    (30) funcion -> FUNCION ID PARENTESISA argumentos PARENTESISC VARTYPESEPARATOR TYPE ENDOFLINE .

    VARIABLE        reduce using rule 30 (funcion -> FUNCION ID PARENTESISA argumentos PARENTESISC VARTYPESEPARATOR TYPE ENDOFLINE .)
    FUNCION         reduce using rule 30 (funcion -> FUNCION ID PARENTESISA argumentos PARENTESISC VARTYPESEPARATOR TYPE ENDOFLINE .)
    ID              reduce using rule 30 (funcion -> FUNCION ID PARENTESISA argumentos PARENTESISC VARTYPESEPARATOR TYPE ENDOFLINE .)
    PROCEDIMIENTO   reduce using rule 30 (funcion -> FUNCION ID PARENTESISA argumentos PARENTESISC VARTYPESEPARATOR TYPE ENDOFLINE .)
    IF              reduce using rule 30 (funcion -> FUNCION ID PARENTESISA argumentos PARENTESISC VARTYPESEPARATOR TYPE ENDOFLINE .)
    WHILE           reduce using rule 30 (funcion -> FUNCION ID PARENTESISA argumentos PARENTESISC VARTYPESEPARATOR TYPE ENDOFLINE .)
    ADELANTE        reduce using rule 30 (funcion -> FUNCION ID PARENTESISA argumentos PARENTESISC VARTYPESEPARATOR TYPE ENDOFLINE .)
    ATRAS           reduce using rule 30 (funcion -> FUNCION ID PARENTESISA argumentos PARENTESISC VARTYPESEPARATOR TYPE ENDOFLINE .)
    IZQUIERDA       reduce using rule 30 (funcion -> FUNCION ID PARENTESISA argumentos PARENTESISC VARTYPESEPARATOR TYPE ENDOFLINE .)
    DERECHA         reduce using rule 30 (funcion -> FUNCION ID PARENTESISA argumentos PARENTESISC VARTYPESEPARATOR TYPE ENDOFLINE .)
    ESPERAR         reduce using rule 30 (funcion -> FUNCION ID PARENTESISA argumentos PARENTESISC VARTYPESEPARATOR TYPE ENDOFLINE .)
    FRENAR          reduce using rule 30 (funcion -> FUNCION ID PARENTESISA argumentos PARENTESISC VARTYPESEPARATOR TYPE ENDOFLINE .)
    VPIN            reduce using rule 30 (funcion -> FUNCION ID PARENTESISA argumentos PARENTESISC VARTYPESEPARATOR TYPE ENDOFLINE .)
    FINPROGRAMA     reduce using rule 30 (funcion -> FUNCION ID PARENTESISA argumentos PARENTESISC VARTYPESEPARATOR TYPE ENDOFLINE .)
    END             reduce using rule 30 (funcion -> FUNCION ID PARENTESISA argumentos PARENTESISC VARTYPESEPARATOR TYPE ENDOFLINE .)


state 118

    (25) condicional -> IF PARENTESISA PARENTESISC BEGIN cuerpo END ELSE BEGIN . cuerpo END ENDOFLINE
    (6) cuerpo -> . variable cuerpo
    (7) cuerpo -> . funcion cuerpo
    (8) cuerpo -> . asignacion cuerpo
    (9) cuerpo -> . procedimiento cuerpo
    (10) cuerpo -> . condicional cuerpo
    (11) cuerpo -> . bucle cuerpo
    (12) cuerpo -> . reservadas cuerpo
    (13) cuerpo -> . vpin cuerpo
    (14) cuerpo -> . empty
    (31) variable -> . VARIABLE PARENTESISA ID VARTYPESEPARATOR TYPE PARENTESISC ENDOFLINE
    (30) funcion -> . FUNCION ID PARENTESISA argumentos PARENTESISC VARTYPESEPARATOR TYPE ENDOFLINE
    (27) asignacion -> . ID IGUAL ID ENDOFLINE
    (28) asignacion -> . ID IGUAL NUMBER ENDOFLINE
    (29) asignacion -> . ID IGUAL DECIMALNUMBER ENDOFLINE
    (26) procedimiento -> . PROCEDIMIENTO ID PARENTESISA argumentos PARENTESISC ENDOFLINE
    (24) condicional -> . IF PARENTESISA PARENTESISC BEGIN cuerpo END ENDOFLINE
    (25) condicional -> . IF PARENTESISA PARENTESISC BEGIN cuerpo END ELSE BEGIN cuerpo END ENDOFLINE
    (23) bucle -> . WHILE PARENTESISA PARENTESISC BEGIN cuerpo END ENDOFLINE
    (16) reservadas -> . ADELANTE PARENTESISA PARENTESISC ENDOFLINE
    (17) reservadas -> . ATRAS PARENTESISA PARENTESISC ENDOFLINE
    (18) reservadas -> . IZQUIERDA PARENTESISA PARENTESISC ENDOFLINE
    (19) reservadas -> . DERECHA PARENTESISA PARENTESISC ENDOFLINE
    (20) reservadas -> . ESPERAR PARENTESISA NUMBER PARENTESISC ENDOFLINE
    (21) reservadas -> . ESPERAR PARENTESISA ID PARENTESISC ENDOFLINE
    (22) reservadas -> . FRENAR PARENTESISA PARENTESISC ENDOFLINE
    (15) vpin -> . VPIN PARENTESISA ID VARTYPESEPARATOR TYPEVPIN PARENTESISC ENDOFLINE
    (34) empty -> .

    VARIABLE        shift and go to state 17
    FUNCION         shift and go to state 18
    ID              shift and go to state 7
    PROCEDIMIENTO   shift and go to state 19
    IF              shift and go to state 20
    WHILE           shift and go to state 21
    ADELANTE        shift and go to state 22
    ATRAS           shift and go to state 23
    IZQUIERDA       shift and go to state 24
    DERECHA         shift and go to state 25
    ESPERAR         shift and go to state 26
    FRENAR          shift and go to state 27
    VPIN            shift and go to state 28
    END             reduce using rule 34 (empty -> .)

    cuerpo                         shift and go to state 119
    variable                       shift and go to state 8
    funcion                        shift and go to state 9
    asignacion                     shift and go to state 10
    procedimiento                  shift and go to state 11
    condicional                    shift and go to state 12
    bucle                          shift and go to state 13
    reservadas                     shift and go to state 14
    vpin                           shift and go to state 15
    empty                          shift and go to state 16

state 119

    (25) condicional -> IF PARENTESISA PARENTESISC BEGIN cuerpo END ELSE BEGIN cuerpo . END ENDOFLINE

    END             shift and go to state 120


state 120

    (25) condicional -> IF PARENTESISA PARENTESISC BEGIN cuerpo END ELSE BEGIN cuerpo END . ENDOFLINE

    ENDOFLINE       shift and go to state 121


state 121

    (25) condicional -> IF PARENTESISA PARENTESISC BEGIN cuerpo END ELSE BEGIN cuerpo END ENDOFLINE .

    VARIABLE        reduce using rule 25 (condicional -> IF PARENTESISA PARENTESISC BEGIN cuerpo END ELSE BEGIN cuerpo END ENDOFLINE .)
    FUNCION         reduce using rule 25 (condicional -> IF PARENTESISA PARENTESISC BEGIN cuerpo END ELSE BEGIN cuerpo END ENDOFLINE .)
    ID              reduce using rule 25 (condicional -> IF PARENTESISA PARENTESISC BEGIN cuerpo END ELSE BEGIN cuerpo END ENDOFLINE .)
    PROCEDIMIENTO   reduce using rule 25 (condicional -> IF PARENTESISA PARENTESISC BEGIN cuerpo END ELSE BEGIN cuerpo END ENDOFLINE .)
    IF              reduce using rule 25 (condicional -> IF PARENTESISA PARENTESISC BEGIN cuerpo END ELSE BEGIN cuerpo END ENDOFLINE .)
    WHILE           reduce using rule 25 (condicional -> IF PARENTESISA PARENTESISC BEGIN cuerpo END ELSE BEGIN cuerpo END ENDOFLINE .)
    ADELANTE        reduce using rule 25 (condicional -> IF PARENTESISA PARENTESISC BEGIN cuerpo END ELSE BEGIN cuerpo END ENDOFLINE .)
    ATRAS           reduce using rule 25 (condicional -> IF PARENTESISA PARENTESISC BEGIN cuerpo END ELSE BEGIN cuerpo END ENDOFLINE .)
    IZQUIERDA       reduce using rule 25 (condicional -> IF PARENTESISA PARENTESISC BEGIN cuerpo END ELSE BEGIN cuerpo END ENDOFLINE .)
    DERECHA         reduce using rule 25 (condicional -> IF PARENTESISA PARENTESISC BEGIN cuerpo END ELSE BEGIN cuerpo END ENDOFLINE .)
    ESPERAR         reduce using rule 25 (condicional -> IF PARENTESISA PARENTESISC BEGIN cuerpo END ELSE BEGIN cuerpo END ENDOFLINE .)
    FRENAR          reduce using rule 25 (condicional -> IF PARENTESISA PARENTESISC BEGIN cuerpo END ELSE BEGIN cuerpo END ENDOFLINE .)
    VPIN            reduce using rule 25 (condicional -> IF PARENTESISA PARENTESISC BEGIN cuerpo END ELSE BEGIN cuerpo END ENDOFLINE .)
    FINPROGRAMA     reduce using rule 25 (condicional -> IF PARENTESISA PARENTESISC BEGIN cuerpo END ELSE BEGIN cuerpo END ENDOFLINE .)
    END             reduce using rule 25 (condicional -> IF PARENTESISA PARENTESISC BEGIN cuerpo END ELSE BEGIN cuerpo END ENDOFLINE .)

